
Log started: 2020-03-21  12:59:31
Selecting previously unselected package libc-l10n.
(Reading database ... 
(Reading database ... 5%
(Reading database ... 10%
(Reading database ... 15%
(Reading database ... 20%
(Reading database ... 25%
(Reading database ... 30%
(Reading database ... 35%
(Reading database ... 40%
(Reading database ... 45%
(Reading database ... 50%
(Reading database ... 55%
(Reading database ... 60%
(Reading database ... 65%
(Reading database ... 70%
(Reading database ... 75%
(Reading database ... 80%
(Reading database ... 85%
(Reading database ... 90%
(Reading database ... 95%
(Reading database ... 100%
(Reading database ... 9228 files and directories currently installed.)
Preparing to unpack .../libc-l10n_2.28-10_all.deb ...
Unpacking libc-l10n (2.28-10) ...
Selecting previously unselected package locales.
Preparing to unpack .../glibc/locales_2.28-10_all.deb ...
Unpacking locales (2.28-10) ...
Setting up libc-l10n (2.28-10) ...
Setting up locales (2.28-10) ...
Generating locales (this might take a while)...
Generation complete.
Log ended: 2020-03-21  12:59:32

Log started: 2020-03-21  15:59:34
Selecting previously unselected package busybox.
(Reading database ... 
(Reading database ... 5%
(Reading database ... 10%
(Reading database ... 15%
(Reading database ... 20%
(Reading database ... 25%
(Reading database ... 30%
(Reading database ... 35%
(Reading database ... 40%
(Reading database ... 45%
(Reading database ... 50%
(Reading database ... 55%
(Reading database ... 60%
(Reading database ... 65%
(Reading database ... 70%
(Reading database ... 75%
(Reading database ... 80%
(Reading database ... 85%
(Reading database ... 90%
(Reading database ... 95%
(Reading database ... 100%
(Reading database ... 9881 files and directories currently installed.)
Preparing to unpack .../busybox_1.30.1-4_amd64.deb ...
Unpacking busybox (1:1.30.1-4) ...
Setting up busybox (1:1.30.1-4) ...
Log ended: 2020-03-21  15:59:34

Log started: 2020-03-21  15:59:34
Selecting previously unselected package libklibc:amd64.
(Reading database ... 
(Reading database ... 5%
(Reading database ... 10%
(Reading database ... 15%
(Reading database ... 20%
(Reading database ... 25%
(Reading database ... 30%
(Reading database ... 35%
(Reading database ... 40%
(Reading database ... 45%
(Reading database ... 50%
(Reading database ... 55%
(Reading database ... 60%
(Reading database ... 65%
(Reading database ... 70%
(Reading database ... 75%
(Reading database ... 80%
(Reading database ... 85%
(Reading database ... 90%
(Reading database ... 95%
(Reading database ... 100%
(Reading database ... 9891 files and directories currently installed.)
Preparing to unpack .../libklibc_2.0.6-1_amd64.deb ...
Unpacking libklibc:amd64 (2.0.6-1) ...
Selecting previously unselected package klibc-utils.
Preparing to unpack .../klibc-utils_2.0.6-1_amd64.deb ...
Unpacking klibc-utils (2.0.6-1) ...
Selecting previously unselected package initramfs-tools-core.
Preparing to unpack .../initramfs-tools-core_0.133+deb10u1_all.deb ...
Unpacking initramfs-tools-core (0.133+deb10u1) ...
Selecting previously unselected package linux-base.
Preparing to unpack .../linux-base_4.6_all.deb ...
Unpacking linux-base (4.6) ...
Selecting previously unselected package initramfs-tools.
Preparing to unpack .../initramfs-tools_0.133+deb10u1_all.deb ...
Unpacking initramfs-tools (0.133+deb10u1) ...
Setting up linux-base (4.6) ...
Setting up libklibc:amd64 (2.0.6-1) ...
Setting up klibc-utils (2.0.6-1) ...
No diversion 'diversion of /usr/share/initramfs-tools/hooks/klibc to /usr/share/initramfs-tools/hooks/klibc^i-t by klibc-utils', none removed.
Setting up initramfs-tools-core (0.133+deb10u1) ...
Setting up initramfs-tools (0.133+deb10u1) ...
update-initramfs: deferring update (trigger activated)
Processing triggers for initramfs-tools (0.133+deb10u1) ...
Log ended: 2020-03-21  15:59:34

Log started: 2020-03-21  15:59:35
Selecting previously unselected package libpython3.7-minimal:amd64.
(Reading database ... 
(Reading database ... 5%
(Reading database ... 10%
(Reading database ... 15%
(Reading database ... 20%
(Reading database ... 25%
(Reading database ... 30%
(Reading database ... 35%
(Reading database ... 40%
(Reading database ... 45%
(Reading database ... 50%
(Reading database ... 55%
(Reading database ... 60%
(Reading database ... 65%
(Reading database ... 70%
(Reading database ... 75%
(Reading database ... 80%
(Reading database ... 85%
(Reading database ... 90%
(Reading database ... 95%
(Reading database ... 100%
(Reading database ... 10027 files and directories currently installed.)
Preparing to unpack .../libpython3.7-minimal_3.7.3-2+deb10u1_amd64.deb ...
Unpacking libpython3.7-minimal:amd64 (3.7.3-2+deb10u1) ...
Selecting previously unselected package libexpat1:amd64.
Preparing to unpack .../libexpat1_2.2.6-2+deb10u1_amd64.deb ...
Unpacking libexpat1:amd64 (2.2.6-2+deb10u1) ...
Selecting previously unselected package python3.7-minimal.
Preparing to unpack .../python3.7-minimal_3.7.3-2+deb10u1_amd64.deb ...
Unpacking python3.7-minimal (3.7.3-2+deb10u1) ...
Setting up libpython3.7-minimal:amd64 (3.7.3-2+deb10u1) ...
Setting up libexpat1:amd64 (2.2.6-2+deb10u1) ...
Setting up python3.7-minimal (3.7.3-2+deb10u1) ...
Selecting previously unselected package python3-minimal.
(Reading database ... 
(Reading database ... 5%
(Reading database ... 10%
(Reading database ... 15%
(Reading database ... 20%
(Reading database ... 25%
(Reading database ... 30%
(Reading database ... 35%
(Reading database ... 40%
(Reading database ... 45%
(Reading database ... 50%
(Reading database ... 55%
(Reading database ... 60%
(Reading database ... 65%
(Reading database ... 70%
(Reading database ... 75%
(Reading database ... 80%
(Reading database ... 85%
(Reading database ... 90%
(Reading database ... 95%
(Reading database ... 100%
(Reading database ... 10277 files and directories currently installed.)
Preparing to unpack .../0-python3-minimal_3.7.3-1_amd64.deb ...
Unpacking python3-minimal (3.7.3-1) ...
Selecting previously unselected package mime-support.
Preparing to unpack .../1-mime-support_3.62_all.deb ...
Unpacking mime-support (3.62) ...
Selecting previously unselected package libmpdec2:amd64.
Preparing to unpack .../2-libmpdec2_2.4.2-2_amd64.deb ...
Unpacking libmpdec2:amd64 (2.4.2-2) ...
Selecting previously unselected package libreadline7:amd64.
Preparing to unpack .../3-libreadline7_7.0-5_amd64.deb ...
Unpacking libreadline7:amd64 (7.0-5) ...
Selecting previously unselected package libsqlite3-0:amd64.
Preparing to unpack .../4-libsqlite3-0_3.27.2-3_amd64.deb ...
Unpacking libsqlite3-0:amd64 (3.27.2-3) ...
Selecting previously unselected package libpython3.7-stdlib:amd64.
Preparing to unpack .../5-libpython3.7-stdlib_3.7.3-2+deb10u1_amd64.deb ...
Unpacking libpython3.7-stdlib:amd64 (3.7.3-2+deb10u1) ...
Selecting previously unselected package python3.7.
Preparing to unpack .../6-python3.7_3.7.3-2+deb10u1_amd64.deb ...
Unpacking python3.7 (3.7.3-2+deb10u1) ...
Selecting previously unselected package libpython3-stdlib:amd64.
Preparing to unpack .../7-libpython3-stdlib_3.7.3-1_amd64.deb ...
Unpacking libpython3-stdlib:amd64 (3.7.3-1) ...
Setting up python3-minimal (3.7.3-1) ...
Selecting previously unselected package python3.
(Reading database ... 
(Reading database ... 5%
(Reading database ... 10%
(Reading database ... 15%
(Reading database ... 20%
(Reading database ... 25%
(Reading database ... 30%
(Reading database ... 35%
(Reading database ... 40%
(Reading database ... 45%
(Reading database ... 50%
(Reading database ... 55%
(Reading database ... 60%
(Reading database ... 65%
(Reading database ... 70%
(Reading database ... 75%
(Reading database ... 80%
(Reading database ... 85%
(Reading database ... 90%
(Reading database ... 95%
(Reading database ... 100%
(Reading database ... 10734 files and directories currently installed.)
Preparing to unpack .../0-python3_3.7.3-1_amd64.deb ...
Unpacking python3 (3.7.3-1) ...
Selecting previously unselected package bzip2.
Preparing to unpack .../1-bzip2_1.0.6-9.2~deb10u1_amd64.deb ...
Unpacking bzip2 (1.0.6-9.2~deb10u1) ...
Selecting previously unselected package libmagic-mgc.
Preparing to unpack .../2-libmagic-mgc_5.35-4+deb10u1_amd64.deb ...
Unpacking libmagic-mgc (1:5.35-4+deb10u1) ...
Selecting previously unselected package libmagic1:amd64.
Preparing to unpack .../3-libmagic1_5.35-4+deb10u1_amd64.deb ...
Unpacking libmagic1:amd64 (1:5.35-4+deb10u1) ...
Selecting previously unselected package file.
Preparing to unpack .../4-file_5.35-4+deb10u1_amd64.deb ...
Unpacking file (1:5.35-4+deb10u1) ...
Selecting previously unselected package xz-utils.
Preparing to unpack .../5-xz-utils_5.2.4-1_amd64.deb ...
Unpacking xz-utils (5.2.4-1) ...
Selecting previously unselected package apparmor.
Preparing to unpack .../6-apparmor_2.13.2-10_amd64.deb ...
Unpacking apparmor (2.13.2-10) ...
Selecting previously unselected package firmware-linux-free.
Preparing to unpack .../7-firmware-linux-free_3.4_all.deb ...
Unpacking firmware-linux-free (3.4) ...
Selecting previously unselected package linux-image-4.19.0-8-amd64.
Preparing to unpack .../8-linux-image-4.19.0-8-amd64_4.19.98-1_amd64.deb ...
Unpacking linux-image-4.19.0-8-amd64 (4.19.98-1) ...
Selecting previously unselected package linux-image-amd64.
Preparing to unpack .../9-linux-image-amd64_4.19+105+deb10u3_amd64.deb ...
Unpacking linux-image-amd64 (4.19+105+deb10u3) ...
Setting up mime-support (3.62) ...
Setting up firmware-linux-free (3.4) ...
update-initramfs: deferring update (trigger activated)
Setting up libmagic-mgc (1:5.35-4+deb10u1) ...
Setting up libsqlite3-0:amd64 (3.27.2-3) ...
Setting up libmagic1:amd64 (1:5.35-4+deb10u1) ...
Setting up file (1:5.35-4+deb10u1) ...
Setting up bzip2 (1.0.6-9.2~deb10u1) ...
Setting up xz-utils (5.2.4-1) ...
update-alternatives: using /usr/bin/xz to provide /usr/bin/lzma (lzma) in auto mode
Setting up linux-image-4.19.0-8-amd64 (4.19.98-1) ...
I: /vmlinuz.old is now a symlink to boot/vmlinuz-4.19.0-8-amd64
I: /initrd.img.old is now a symlink to boot/initrd.img-4.19.0-8-amd64
I: /vmlinuz is now a symlink to boot/vmlinuz-4.19.0-8-amd64
I: /initrd.img is now a symlink to boot/initrd.img-4.19.0-8-amd64
/etc/kernel/postinst.d/initramfs-tools:
update-initramfs: Generating /boot/initrd.img-4.19.0-8-amd64
Setting up libmpdec2:amd64 (2.4.2-2) ...
Setting up libreadline7:amd64 (7.0-5) ...
Setting up libpython3.7-stdlib:amd64 (3.7.3-2+deb10u1) ...
Setting up linux-image-amd64 (4.19+105+deb10u3) ...
Setting up libpython3-stdlib:amd64 (3.7.3-1) ...
Setting up python3.7 (3.7.3-2+deb10u1) ...
Setting up python3 (3.7.3-1) ...
running python rtupdate hooks for python3.7...
running python post-rtupdate hooks for python3.7...
Setting up apparmor (2.13.2-10) ...
Created symlink /etc/systemd/system/sysinit.target.wants/apparmor.service → /lib/systemd/system/apparmor.service.
Processing triggers for systemd (241-7~deb10u3) ...
Processing triggers for libc-bin (2.28-10) ...
Processing triggers for initramfs-tools (0.133+deb10u1) ...
update-initramfs: Generating /boot/initrd.img-4.19.0-8-amd64
Log ended: 2020-03-21  15:59:51

Log started: 2020-03-21  15:59:51
Selecting previously unselected package libpci3:amd64.
(Reading database ... 
(Reading database ... 5%
(Reading database ... 10%
(Reading database ... 15%
(Reading database ... 20%
(Reading database ... 25%
(Reading database ... 30%
(Reading database ... 35%
(Reading database ... 40%
(Reading database ... 45%
(Reading database ... 50%
(Reading database ... 55%
(Reading database ... 60%
(Reading database ... 65%
(Reading database ... 70%
(Reading database ... 75%
(Reading database ... 80%
(Reading database ... 85%
(Reading database ... 90%
(Reading database ... 95%
(Reading database ... 100%
(Reading database ... 15493 files and directories currently installed.)
Preparing to unpack .../libpci3_3.5.2-1_amd64.deb ...
Unpacking libpci3:amd64 (1:3.5.2-1) ...
Selecting previously unselected package pciutils.
Preparing to unpack .../pciutils_3.5.2-1_amd64.deb ...
Unpacking pciutils (1:3.5.2-1) ...
Setting up libpci3:amd64 (1:3.5.2-1) ...
Setting up pciutils (1:3.5.2-1) ...
Processing triggers for libc-bin (2.28-10) ...
Log ended: 2020-03-21  15:59:51

Log started: 2020-03-21  15:59:51
Selecting previously unselected package libusb-1.0-0:amd64.
(Reading database ... 
(Reading database ... 5%
(Reading database ... 10%
(Reading database ... 15%
(Reading database ... 20%
(Reading database ... 25%
(Reading database ... 30%
(Reading database ... 35%
(Reading database ... 40%
(Reading database ... 45%
(Reading database ... 50%
(Reading database ... 55%
(Reading database ... 60%
(Reading database ... 65%
(Reading database ... 70%
(Reading database ... 75%
(Reading database ... 80%
(Reading database ... 85%
(Reading database ... 90%
(Reading database ... 95%
(Reading database ... 100%
(Reading database ... 15517 files and directories currently installed.)
Preparing to unpack .../libusb-1.0-0_1.0.22-2_amd64.deb ...
Unpacking libusb-1.0-0:amd64 (2:1.0.22-2) ...
Selecting previously unselected package usb.ids.
Preparing to unpack .../usb.ids_2019.07.27-0+deb10u1_all.deb ...
Unpacking usb.ids (2019.07.27-0+deb10u1) ...
Selecting previously unselected package usbutils.
Preparing to unpack .../usbutils_010-3_amd64.deb ...
Unpacking usbutils (1:010-3) ...
Setting up usb.ids (2019.07.27-0+deb10u1) ...
Setting up libusb-1.0-0:amd64 (2:1.0.22-2) ...
Setting up usbutils (1:010-3) ...
Processing triggers for libc-bin (2.28-10) ...
Log ended: 2020-03-21  15:59:52

Log started: 2020-03-21  15:59:52
Selecting previously unselected package eject.
(Reading database ... 
(Reading database ... 5%
(Reading database ... 10%
(Reading database ... 15%
(Reading database ... 20%
(Reading database ... 25%
(Reading database ... 30%
(Reading database ... 35%
(Reading database ... 40%
(Reading database ... 45%
(Reading database ... 50%
(Reading database ... 55%
(Reading database ... 60%
(Reading database ... 65%
(Reading database ... 70%
(Reading database ... 75%
(Reading database ... 80%
(Reading database ... 85%
(Reading database ... 90%
(Reading database ... 95%
(Reading database ... 100%
(Reading database ... 15542 files and directories currently installed.)
Preparing to unpack .../eject_2.1.5+deb1+cvs20081104-13.2_amd64.deb ...
Unpacking eject (2.1.5+deb1+cvs20081104-13.2) ...
Setting up eject (2.1.5+deb1+cvs20081104-13.2) ...
Log ended: 2020-03-21  15:59:52

Log started: 2020-03-21  15:59:53
Selecting previously unselected package keyboard-configuration.
(Reading database ... 
(Reading database ... 5%
(Reading database ... 10%
(Reading database ... 15%
(Reading database ... 20%
(Reading database ... 25%
(Reading database ... 30%
(Reading database ... 35%
(Reading database ... 40%
(Reading database ... 45%
(Reading database ... 50%
(Reading database ... 55%
(Reading database ... 60%
(Reading database ... 65%
(Reading database ... 70%
(Reading database ... 75%
(Reading database ... 80%
(Reading database ... 85%
(Reading database ... 90%
(Reading database ... 95%
(Reading database ... 100%
(Reading database ... 15570 files and directories currently installed.)
Preparing to unpack .../keyboard-configuration_1.193~deb10u1_all.deb ...
Unpacking keyboard-configuration (1.193~deb10u1) ...
Setting up keyboard-configuration (1.193~deb10u1) ...
Log ended: 2020-03-21  15:59:53

Log started: 2020-03-21  15:59:53
Selecting previously unselected package kbd.
(Reading database ... 
(Reading database ... 5%
(Reading database ... 10%
(Reading database ... 15%
(Reading database ... 20%
(Reading database ... 25%
(Reading database ... 30%
(Reading database ... 35%
(Reading database ... 40%
(Reading database ... 45%
(Reading database ... 50%
(Reading database ... 55%
(Reading database ... 60%
(Reading database ... 65%
(Reading database ... 70%
(Reading database ... 75%
(Reading database ... 80%
(Reading database ... 85%
(Reading database ... 90%
(Reading database ... 95%
(Reading database ... 100%
(Reading database ... 15586 files and directories currently installed.)
Preparing to unpack .../k/kbd/kbd_2.0.4-4_amd64.deb ...
Unpacking kbd (2.0.4-4) ...
Selecting previously unselected package console-setup-linux.
Preparing to unpack .../console-setup-linux_1.193~deb10u1_all.deb ...
Unpacking console-setup-linux (1.193~deb10u1) ...
Selecting previously unselected package xkb-data.
Preparing to unpack .../xkb-data_2.26-2_all.deb ...
Unpacking xkb-data (2.26-2) ...
Selecting previously unselected package console-setup.
Preparing to unpack .../console-setup_1.193~deb10u1_all.deb ...
Unpacking console-setup (1.193~deb10u1) ...
Setting up xkb-data (2.26-2) ...
Setting up kbd (2.0.4-4) ...
Setting up console-setup-linux (1.193~deb10u1) ...
Created symlink /etc/systemd/system/sysinit.target.wants/keyboard-setup.service → /lib/systemd/system/keyboard-setup.service.
Created symlink /etc/systemd/system/multi-user.target.wants/console-setup.service → /lib/systemd/system/console-setup.service.
Setting up console-setup (1.193~deb10u1) ...
Processing triggers for systemd (241-7~deb10u3) ...
Log ended: 2020-03-21  15:59:54

Log started: 2020-03-21  16:00:36
Selecting previously unselected package laptop-detect.
(Reading database ... 
(Reading database ... 5%
(Reading database ... 10%
(Reading database ... 15%
(Reading database ... 20%
(Reading database ... 25%
(Reading database ... 30%
(Reading database ... 35%
(Reading database ... 40%
(Reading database ... 45%
(Reading database ... 50%
(Reading database ... 55%
(Reading database ... 60%
(Reading database ... 65%
(Reading database ... 70%
(Reading database ... 75%
(Reading database ... 80%
(Reading database ... 85%
(Reading database ... 90%
(Reading database ... 95%
(Reading database ... 100%
(Reading database ... 16535 files and directories currently installed.)
Preparing to unpack .../laptop-detect_0.16_all.deb ...
Unpacking laptop-detect (0.16) ...
Setting up laptop-detect (0.16) ...
Log ended: 2020-03-21  16:00:36

Log started: 2020-03-21  16:00:37
Selecting previously unselected package libusb-0.1-4:amd64.
(Reading database ... 
(Reading database ... 5%
(Reading database ... 10%
(Reading database ... 15%
(Reading database ... 20%
(Reading database ... 25%
(Reading database ... 30%
(Reading database ... 35%
(Reading database ... 40%
(Reading database ... 45%
(Reading database ... 50%
(Reading database ... 55%
(Reading database ... 60%
(Reading database ... 65%
(Reading database ... 70%
(Reading database ... 75%
(Reading database ... 80%
(Reading database ... 85%
(Reading database ... 90%
(Reading database ... 95%
(Reading database ... 100%
(Reading database ... 16540 files and directories currently installed.)
Preparing to unpack .../libusb-0.1-4_0.1.12-32_amd64.deb ...
Unpacking libusb-0.1-4:amd64 (2:0.1.12-32) ...
Selecting previously unselected package discover-data.
Preparing to unpack .../discover-data_2.2013.01.11_all.deb ...
Unpacking discover-data (2.2013.01.11) ...
Selecting previously unselected package libdiscover2.
Preparing to unpack .../libdiscover2_2.1.2-8_amd64.deb ...
Unpacking libdiscover2 (2.1.2-8) ...
Selecting previously unselected package discover.
Preparing to unpack .../discover_2.1.2-8_amd64.deb ...
Unpacking discover (2.1.2-8) ...
Setting up libusb-0.1-4:amd64 (2:0.1.12-32) ...
Setting up discover-data (2.2013.01.11) ...
Setting up libdiscover2 (2.1.2-8) ...
Setting up discover (2.1.2-8) ...
Processing triggers for libc-bin (2.28-10) ...
Log ended: 2020-03-21  16:00:37

Log started: 2020-03-21  16:00:38
Selecting previously unselected package installation-report.
(Reading database ... 
(Reading database ... 5%
(Reading database ... 10%
(Reading database ... 15%
(Reading database ... 20%
(Reading database ... 25%
(Reading database ... 30%
(Reading database ... 35%
(Reading database ... 40%
(Reading database ... 45%
(Reading database ... 50%
(Reading database ... 55%
(Reading database ... 60%
(Reading database ... 65%
(Reading database ... 70%
(Reading database ... 75%
(Reading database ... 80%
(Reading database ... 85%
(Reading database ... 90%
(Reading database ... 95%
(Reading database ... 100%
(Reading database ... 16609 files and directories currently installed.)
Preparing to unpack .../installation-report_2.71_all.deb ...
Unpacking installation-report (2.71) ...
Setting up installation-report (2.71) ...
Log ended: 2020-03-21  16:00:38

Log started: 2020-03-21  16:01:55
Selecting previously unselected package popularity-contest.
(Reading database ... 
(Reading database ... 5%
(Reading database ... 10%
(Reading database ... 15%
(Reading database ... 20%
(Reading database ... 25%
(Reading database ... 30%
(Reading database ... 35%
(Reading database ... 40%
(Reading database ... 45%
(Reading database ... 50%
(Reading database ... 55%
(Reading database ... 60%
(Reading database ... 65%
(Reading database ... 70%
(Reading database ... 75%
(Reading database ... 80%
(Reading database ... 85%
(Reading database ... 90%
(Reading database ... 95%
(Reading database ... 100%
(Reading database ... 16623 files and directories currently installed.)
Preparing to unpack .../popularity-contest_1.67_all.deb ...
Unpacking popularity-contest (1.67) ...
Setting up popularity-contest (1.67) ...
Log ended: 2020-03-21  16:01:56

Log started: 2020-03-21  16:02:19
Selecting previously unselected package libuchardet0:amd64.
(Reading database ... 
(Reading database ... 5%
(Reading database ... 10%
(Reading database ... 15%
(Reading database ... 20%
(Reading database ... 25%
(Reading database ... 30%
(Reading database ... 35%
(Reading database ... 40%
(Reading database ... 45%
(Reading database ... 50%
(Reading database ... 55%
(Reading database ... 60%
(Reading database ... 65%
(Reading database ... 70%
(Reading database ... 75%
(Reading database ... 80%
(Reading database ... 85%
(Reading database ... 90%
(Reading database ... 95%
(Reading database ... 100%
(Reading database ... 16623 files and directories currently installed.)
Preparing to unpack .../00-libuchardet0_0.0.6-3_amd64.deb ...
Unpacking libuchardet0:amd64 (0.0.6-3) ...
Selecting previously unselected package groff-base.
Preparing to unpack .../01-groff-base_1.22.4-3_amd64.deb ...
Unpacking groff-base (1.22.4-3) ...
Selecting previously unselected package libgdbm6:amd64.
Preparing to unpack .../02-libgdbm6_1.18.1-4_amd64.deb ...
Unpacking libgdbm6:amd64 (1.18.1-4) ...
Selecting previously unselected package libpipeline1:amd64.
Preparing to unpack .../03-libpipeline1_1.5.1-2_amd64.deb ...
Unpacking libpipeline1:amd64 (1.5.1-2) ...
Selecting previously unselected package man-db.
Preparing to unpack .../04-man-db_2.8.5-2_amd64.deb ...
Unpacking man-db (2.8.5-2) ...
Selecting previously unselected package perl-modules-5.28.
Preparing to unpack .../05-perl-modules-5.28_5.28.1-6_all.deb ...
Unpacking perl-modules-5.28 (5.28.1-6) ...
Selecting previously unselected package libgdbm-compat4:amd64.
Preparing to unpack .../06-libgdbm-compat4_1.18.1-4_amd64.deb ...
Unpacking libgdbm-compat4:amd64 (1.18.1-4) ...
Selecting previously unselected package libperl5.28:amd64.
Preparing to unpack .../07-libperl5.28_5.28.1-6_amd64.deb ...
Unpacking libperl5.28:amd64 (5.28.1-6) ...
Selecting previously unselected package perl.
Preparing to unpack .../08-perl_5.28.1-6_amd64.deb ...
Unpacking perl (5.28.1-6) ...
Selecting previously unselected package libpython2.7-minimal:amd64.
Preparing to unpack .../09-libpython2.7-minimal_2.7.16-2+deb10u1_amd64.deb ...
Unpacking libpython2.7-minimal:amd64 (2.7.16-2+deb10u1) ...
Selecting previously unselected package python2.7-minimal.
Preparing to unpack .../10-python2.7-minimal_2.7.16-2+deb10u1_amd64.deb ...
Unpacking python2.7-minimal (2.7.16-2+deb10u1) ...
Selecting previously unselected package python2-minimal.
Preparing to unpack .../11-python2-minimal_2.7.16-1_amd64.deb ...
Unpacking python2-minimal (2.7.16-1) ...
Selecting previously unselected package python-minimal.
Preparing to unpack .../12-python-minimal_2.7.16-1_amd64.deb ...
Unpacking python-minimal (2.7.16-1) ...
Selecting previously unselected package libpython2.7-stdlib:amd64.
Preparing to unpack .../13-libpython2.7-stdlib_2.7.16-2+deb10u1_amd64.deb ...
Unpacking libpython2.7-stdlib:amd64 (2.7.16-2+deb10u1) ...
Selecting previously unselected package python2.7.
Preparing to unpack .../14-python2.7_2.7.16-2+deb10u1_amd64.deb ...
Unpacking python2.7 (2.7.16-2+deb10u1) ...
Selecting previously unselected package libpython2-stdlib:amd64.
Preparing to unpack .../15-libpython2-stdlib_2.7.16-1_amd64.deb ...
Unpacking libpython2-stdlib:amd64 (2.7.16-1) ...
Selecting previously unselected package libpython-stdlib:amd64.
Preparing to unpack .../16-libpython-stdlib_2.7.16-1_amd64.deb ...
Unpacking libpython-stdlib:amd64 (2.7.16-1) ...
Setting up libpython2.7-minimal:amd64 (2.7.16-2+deb10u1) ...
Setting up python2.7-minimal (2.7.16-2+deb10u1) ...
Linking and byte-compiling packages for runtime python2.7...
Setting up python2-minimal (2.7.16-1) ...
Selecting previously unselected package python2.
(Reading database ... 
(Reading database ... 5%
(Reading database ... 10%
(Reading database ... 15%
(Reading database ... 20%
(Reading database ... 25%
(Reading database ... 30%
(Reading database ... 35%
(Reading database ... 40%
(Reading database ... 45%
(Reading database ... 50%
(Reading database ... 55%
(Reading database ... 60%
(Reading database ... 65%
(Reading database ... 70%
(Reading database ... 75%
(Reading database ... 80%
(Reading database ... 85%
(Reading database ... 90%
(Reading database ... 95%
(Reading database ... 100%
(Reading database ... 19834 files and directories currently installed.)
Preparing to unpack .../python2_2.7.16-1_amd64.deb ...
Unpacking python2 (2.7.16-1) ...
Setting up python-minimal (2.7.16-1) ...
Selecting previously unselected package python.
(Reading database ... 
(Reading database ... 5%
(Reading database ... 10%
(Reading database ... 15%
(Reading database ... 20%
(Reading database ... 25%
(Reading database ... 30%
(Reading database ... 35%
(Reading database ... 40%
(Reading database ... 45%
(Reading database ... 50%
(Reading database ... 55%
(Reading database ... 60%
(Reading database ... 65%
(Reading database ... 70%
(Reading database ... 75%
(Reading database ... 80%
(Reading database ... 85%
(Reading database ... 90%
(Reading database ... 95%
(Reading database ... 100%
(Reading database ... 19866 files and directories currently installed.)
Preparing to unpack .../00-python_2.7.16-1_amd64.deb ...
Unpacking python (2.7.16-1) ...
Selecting previously unselected package python-apt-common.
Preparing to unpack .../01-python-apt-common_1.8.4.1_all.deb ...
Unpacking python-apt-common (1.8.4.1) ...
Selecting previously unselected package python3-apt.
Preparing to unpack .../02-python3-apt_1.8.4.1_amd64.deb ...
Unpacking python3-apt (1.8.4.1) ...
Selecting previously unselected package python3-debconf.
Preparing to unpack .../03-python3-debconf_1.5.71_all.deb ...
Unpacking python3-debconf (1.5.71) ...
Selecting previously unselected package ucf.
Preparing to unpack .../04-ucf_3.0038+nmu1_all.deb ...
Moving old data out of the way
Unpacking ucf (3.0038+nmu1) ...
Selecting previously unselected package apt-listchanges.
Preparing to unpack .../05-apt-listchanges_3.19_all.deb ...
Unpacking apt-listchanges (3.19) ...
Selecting previously unselected package bash-completion.
Preparing to unpack .../06-bash-completion_2.8-6_all.deb ...
Unpacking bash-completion (1:2.8-6) ...
Selecting previously unselected package libfstrm0:amd64.
Preparing to unpack .../07-libfstrm0_0.4.0-1_amd64.deb ...
Unpacking libfstrm0:amd64 (0.4.0-1) ...
Selecting previously unselected package libgeoip1:amd64.
Preparing to unpack .../08-libgeoip1_1.6.12-1_amd64.deb ...
Unpacking libgeoip1:amd64 (1.6.12-1) ...
Selecting previously unselected package liblmdb0:amd64.
Preparing to unpack .../09-liblmdb0_0.9.22-1_amd64.deb ...
Unpacking liblmdb0:amd64 (0.9.22-1) ...
Selecting previously unselected package libprotobuf-c1:amd64.
Preparing to unpack .../10-libprotobuf-c1_1.3.1-1+b1_amd64.deb ...
Unpacking libprotobuf-c1:amd64 (1.3.1-1+b1) ...
Selecting previously unselected package libicu63:amd64.
Preparing to unpack .../11-libicu63_63.1-6_amd64.deb ...
Unpacking libicu63:amd64 (63.1-6) ...
Selecting previously unselected package libxml2:amd64.
Preparing to unpack .../12-libxml2_2.9.4+dfsg1-7+b3_amd64.deb ...
Unpacking libxml2:amd64 (2.9.4+dfsg1-7+b3) ...
Selecting previously unselected package libisc1100:amd64.
Preparing to unpack .../13-libisc1100_1%3a9.11.5.P4+dfsg-5.1_amd64.deb ...
Unpacking libisc1100:amd64 (1:9.11.5.P4+dfsg-5.1) ...
Selecting previously unselected package libkeyutils1:amd64.
Preparing to unpack .../14-libkeyutils1_1.6-6_amd64.deb ...
Unpacking libkeyutils1:amd64 (1.6-6) ...
Selecting previously unselected package libkrb5support0:amd64.
Preparing to unpack .../15-libkrb5support0_1.17-3_amd64.deb ...
Unpacking libkrb5support0:amd64 (1.17-3) ...
Selecting previously unselected package libk5crypto3:amd64.
Preparing to unpack .../16-libk5crypto3_1.17-3_amd64.deb ...
Unpacking libk5crypto3:amd64 (1.17-3) ...
Selecting previously unselected package libkrb5-3:amd64.
Preparing to unpack .../17-libkrb5-3_1.17-3_amd64.deb ...
Unpacking libkrb5-3:amd64 (1.17-3) ...
Selecting previously unselected package libgssapi-krb5-2:amd64.
Preparing to unpack .../18-libgssapi-krb5-2_1.17-3_amd64.deb ...
Unpacking libgssapi-krb5-2:amd64 (1.17-3) ...
Selecting previously unselected package libdns1104:amd64.
Preparing to unpack .../19-libdns1104_1%3a9.11.5.P4+dfsg-5.1_amd64.deb ...
Unpacking libdns1104:amd64 (1:9.11.5.P4+dfsg-5.1) ...
Selecting previously unselected package libisccc161:amd64.
Preparing to unpack .../20-libisccc161_1%3a9.11.5.P4+dfsg-5.1_amd64.deb ...
Unpacking libisccc161:amd64 (1:9.11.5.P4+dfsg-5.1) ...
Selecting previously unselected package libisccfg163:amd64.
Preparing to unpack .../21-libisccfg163_1%3a9.11.5.P4+dfsg-5.1_amd64.deb ...
Unpacking libisccfg163:amd64 (1:9.11.5.P4+dfsg-5.1) ...
Selecting previously unselected package libbind9-161:amd64.
Preparing to unpack .../22-libbind9-161_1%3a9.11.5.P4+dfsg-5.1_amd64.deb ...
Unpacking libbind9-161:amd64 (1:9.11.5.P4+dfsg-5.1) ...
Selecting previously unselected package liblwres161:amd64.
Preparing to unpack .../23-liblwres161_1%3a9.11.5.P4+dfsg-5.1_amd64.deb ...
Unpacking liblwres161:amd64 (1:9.11.5.P4+dfsg-5.1) ...
Selecting previously unselected package bind9-host.
Preparing to unpack .../24-bind9-host_1%3a9.11.5.P4+dfsg-5.1_amd64.deb ...
Unpacking bind9-host (1:9.11.5.P4+dfsg-5.1) ...
Selecting previously unselected package libdbus-1-3:amd64.
Preparing to unpack .../25-libdbus-1-3_1.12.16-1_amd64.deb ...
Unpacking libdbus-1-3:amd64 (1.12.16-1) ...
Selecting previously unselected package dbus.
Preparing to unpack .../26-dbus_1.12.16-1_amd64.deb ...
Unpacking dbus (1.12.16-1) ...
Selecting previously unselected package debian-faq.
Preparing to unpack .../27-debian-faq_9.0_all.deb ...
Unpacking debian-faq (9.0) ...
Selecting previously unselected package doc-debian.
Preparing to unpack .../28-doc-debian_6.4_all.deb ...
Unpacking doc-debian (6.4) ...
Selecting previously unselected package gettext-base.
Preparing to unpack .../29-gettext-base_0.19.8.1-9_amd64.deb ...
Unpacking gettext-base (0.19.8.1-9) ...
Selecting previously unselected package hdparm.
Preparing to unpack .../30-hdparm_9.58+ds-1_amd64.deb ...
Unpacking hdparm (9.58+ds-1) ...
Selecting previously unselected package krb5-locales.
Preparing to unpack .../31-krb5-locales_1.17-3_all.deb ...
Unpacking krb5-locales (1.17-3) ...
Selecting previously unselected package liblockfile-bin.
Preparing to unpack .../32-liblockfile-bin_1.14-1.1_amd64.deb ...
Unpacking liblockfile-bin (1.14-1.1) ...
Selecting previously unselected package libnss-systemd:amd64.
Preparing to unpack .../33-libnss-systemd_241-7~deb10u3_amd64.deb ...
Unpacking libnss-systemd:amd64 (241-7~deb10u3) ...
Selecting previously unselected package libpam-systemd:amd64.
Preparing to unpack .../34-libpam-systemd_241-7~deb10u3_amd64.deb ...
Unpacking libpam-systemd:amd64 (241-7~deb10u3) ...
Selecting previously unselected package lsof.
Preparing to unpack .../35-lsof_4.91+dfsg-1_amd64.deb ...
Unpacking lsof (4.91+dfsg-1) ...
Selecting previously unselected package manpages.
Preparing to unpack .../36-manpages_4.16-2_all.deb ...
Unpacking manpages (4.16-2) ...
Selecting previously unselected package ncurses-term.
Preparing to unpack .../37-ncurses-term_6.1+20181013-2+deb10u2_all.deb ...
Unpacking ncurses-term (6.1+20181013-2+deb10u2) ...
Selecting previously unselected package netcat-traditional.
Preparing to unpack .../38-netcat-traditional_1.10-41.1_amd64.deb ...
Unpacking netcat-traditional (1.10-41.1) ...
Selecting previously unselected package libedit2:amd64.
Preparing to unpack .../39-libedit2_3.1-20181209-1_amd64.deb ...
Unpacking libedit2:amd64 (3.1-20181209-1) ...
Selecting previously unselected package openssh-client.
Preparing to unpack .../40-openssh-client_7.9p1-10+deb10u2_amd64.deb ...
Unpacking openssh-client (1:7.9p1-10+deb10u2) ...
Selecting previously unselected package python3-pkg-resources.
Preparing to unpack .../41-python3-pkg-resources_40.8.0-1_all.deb ...
Unpacking python3-pkg-resources (40.8.0-1) ...
Selecting previously unselected package python3-chardet.
Preparing to unpack .../42-python3-chardet_3.0.4-3_all.deb ...
Unpacking python3-chardet (3.0.4-3) ...
Selecting previously unselected package python3-six.
Preparing to unpack .../43-python3-six_1.12.0-1_all.deb ...
Unpacking python3-six (1.12.0-1) ...
Selecting previously unselected package python3-debian.
Preparing to unpack .../44-python3-debian_0.1.35_all.deb ...
Unpacking python3-debian (0.1.35) ...
Selecting previously unselected package openssl.
Preparing to unpack .../45-openssl_1.1.1d-0+deb10u2_amd64.deb ...
Unpacking openssl (1.1.1d-0+deb10u2) ...
Selecting previously unselected package ca-certificates.
Preparing to unpack .../46-ca-certificates_20190110_all.deb ...
Unpacking ca-certificates (20190110) ...
Selecting previously unselected package python3-httplib2.
Preparing to unpack .../47-python3-httplib2_0.11.3-2_all.deb ...
Unpacking python3-httplib2 (0.11.3-2) ...
Selecting previously unselected package libsasl2-modules-db:amd64.
Preparing to unpack .../48-libsasl2-modules-db_2.1.27+dfsg-1+deb10u1_amd64.deb ...
Unpacking libsasl2-modules-db:amd64 (2.1.27+dfsg-1+deb10u1) ...
Selecting previously unselected package libsasl2-2:amd64.
Preparing to unpack .../49-libsasl2-2_2.1.27+dfsg-1+deb10u1_amd64.deb ...
Unpacking libsasl2-2:amd64 (2.1.27+dfsg-1+deb10u1) ...
Selecting previously unselected package libldap-common.
Preparing to unpack .../50-libldap-common_2.4.47+dfsg-3+deb10u1_all.deb ...
Unpacking libldap-common (2.4.47+dfsg-3+deb10u1) ...
Selecting previously unselected package libldap-2.4-2:amd64.
Preparing to unpack .../51-libldap-2.4-2_2.4.47+dfsg-3+deb10u1_amd64.deb ...
Unpacking libldap-2.4-2:amd64 (2.4.47+dfsg-3+deb10u1) ...
Selecting previously unselected package libnghttp2-14:amd64.
Preparing to unpack .../52-libnghttp2-14_1.36.0-2+deb10u1_amd64.deb ...
Unpacking libnghttp2-14:amd64 (1.36.0-2+deb10u1) ...
Selecting previously unselected package libpsl5:amd64.
Preparing to unpack .../53-libpsl5_0.20.2-2_amd64.deb ...
Unpacking libpsl5:amd64 (0.20.2-2) ...
Selecting previously unselected package librtmp1:amd64.
Preparing to unpack .../54-librtmp1_2.4+20151223.gitfa8646d.1-2_amd64.deb ...
Unpacking librtmp1:amd64 (2.4+20151223.gitfa8646d.1-2) ...
Selecting previously unselected package libssh2-1:amd64.
Preparing to unpack .../55-libssh2-1_1.8.0-2.1_amd64.deb ...
Unpacking libssh2-1:amd64 (1.8.0-2.1) ...
Selecting previously unselected package libcurl3-gnutls:amd64.
Preparing to unpack .../56-libcurl3-gnutls_7.64.0-4+deb10u1_amd64.deb ...
Unpacking libcurl3-gnutls:amd64 (7.64.0-4+deb10u1) ...
Selecting previously unselected package python3-pycurl.
Preparing to unpack .../57-python3-pycurl_7.43.0.2-0.1_amd64.deb ...
Unpacking python3-pycurl (7.43.0.2-0.1) ...
Selecting previously unselected package python3-pysimplesoap.
Preparing to unpack .../58-python3-pysimplesoap_1.16.2-1_all.deb ...
Unpacking python3-pysimplesoap (1.16.2-1) ...
Selecting previously unselected package python3-debianbts.
Preparing to unpack .../59-python3-debianbts_2.8.2_all.deb ...
Unpacking python3-debianbts (2.8.2) ...
Selecting previously unselected package python3-certifi.
Preparing to unpack .../60-python3-certifi_2018.8.24-1_all.deb ...
Unpacking python3-certifi (2018.8.24-1) ...
Selecting previously unselected package python3-idna.
Preparing to unpack .../61-python3-idna_2.6-1_all.deb ...
Unpacking python3-idna (2.6-1) ...
Selecting previously unselected package python3-urllib3.
Preparing to unpack .../62-python3-urllib3_1.24.1-1_all.deb ...
Unpacking python3-urllib3 (1.24.1-1) ...
Selecting previously unselected package python3-requests.
Preparing to unpack .../63-python3-requests_2.21.0-1_all.deb ...
Unpacking python3-requests (2.21.0-1) ...
Selecting previously unselected package python3-reportbug.
Preparing to unpack .../64-python3-reportbug_7.5.3~deb10u1_all.deb ...
Unpacking python3-reportbug (7.5.3~deb10u1) ...
Selecting previously unselected package reportbug.
Preparing to unpack .../65-reportbug_7.5.3~deb10u1_all.deb ...
Unpacking reportbug (7.5.3~deb10u1) ...
Selecting previously unselected package telnet.
Preparing to unpack .../66-telnet_0.17-41.2_amd64.deb ...
Unpacking telnet (0.17-41.2) ...
Selecting previously unselected package traceroute.
Preparing to unpack .../67-traceroute_1%3a2.1.0-2_amd64.deb ...
Unpacking traceroute (1:2.1.0-2) ...
Selecting previously unselected package wamerican.
Preparing to unpack .../68-wamerican_2018.04.16-1_all.deb ...
Unpacking wamerican (2018.04.16-1) ...
Selecting previously unselected package libpcre2-8-0:amd64.
Preparing to unpack .../69-libpcre2-8-0_10.32-5_amd64.deb ...
Unpacking libpcre2-8-0:amd64 (10.32-5) ...
Selecting previously unselected package wget.
Preparing to unpack .../70-wget_1.20.1-1.1_amd64.deb ...
Unpacking wget (1.20.1-1.1) ...
Selecting previously unselected package emacsen-common.
Preparing to unpack .../71-emacsen-common_3.0.4_all.deb ...
Unpacking emacsen-common (3.0.4) ...
Selecting previously unselected package dictionaries-common.
Preparing to unpack .../72-dictionaries-common_1.28.1_all.deb ...
Adding 'diversion of /usr/share/dict/words to /usr/share/dict/words.pre-dictionaries-common by dictionaries-common'
Unpacking dictionaries-common (1.28.1) ...
Selecting previously unselected package distro-info-data.
Preparing to unpack .../73-distro-info-data_0.41+deb10u1_all.deb ...
Unpacking distro-info-data (0.41+deb10u1) ...
Selecting previously unselected package geoip-database.
Preparing to unpack .../74-geoip-database_20181108-1_all.deb ...
Unpacking geoip-database (20181108-1) ...
Selecting previously unselected package ispell.
Preparing to unpack .../75-ispell_3.4.00-6+b1_amd64.deb ...
Unpacking ispell (3.4.00-6+b1) ...
Selecting previously unselected package ienglish-common.
Preparing to unpack .../76-ienglish-common_3.4.00-6_all.deb ...
Unpacking ienglish-common (3.4.00-6) ...
Selecting previously unselected package iamerican.
Preparing to unpack .../77-iamerican_3.4.00-6_all.deb ...
Unpacking iamerican (3.4.00-6) ...
Selecting previously unselected package ibritish.
Preparing to unpack .../78-ibritish_3.4.00-6_all.deb ...
Unpacking ibritish (3.4.00-6) ...
Selecting previously unselected package iso-codes.
Preparing to unpack .../79-iso-codes_4.2-1_all.deb ...
Unpacking iso-codes (4.2-1) ...
Selecting previously unselected package libsasl2-modules:amd64.
Preparing to unpack .../80-libsasl2-modules_2.1.27+dfsg-1+deb10u1_amd64.deb ...
Unpacking libsasl2-modules:amd64 (2.1.27+dfsg-1+deb10u1) ...
Selecting previously unselected package libxau6:amd64.
Preparing to unpack .../81-libxau6_1.0.8-1+b2_amd64.deb ...
Unpacking libxau6:amd64 (1:1.0.8-1+b2) ...
Selecting previously unselected package libxdmcp6:amd64.
Preparing to unpack .../82-libxdmcp6_1.1.2-3_amd64.deb ...
Unpacking libxdmcp6:amd64 (1:1.1.2-3) ...
Selecting previously unselected package libxcb1:amd64.
Preparing to unpack .../83-libxcb1_1.13.1-2_amd64.deb ...
Unpacking libxcb1:amd64 (1.13.1-2) ...
Selecting previously unselected package libx11-data.
Preparing to unpack .../84-libx11-data_1.6.7-1_all.deb ...
Unpacking libx11-data (2:1.6.7-1) ...
Selecting previously unselected package libx11-6:amd64.
Preparing to unpack .../85-libx11-6_1.6.7-1_amd64.deb ...
Unpacking libx11-6:amd64 (2:1.6.7-1) ...
Selecting previously unselected package libxext6:amd64.
Preparing to unpack .../86-libxext6_1.3.3-1+b2_amd64.deb ...
Unpacking libxext6:amd64 (2:1.3.3-1+b2) ...
Selecting previously unselected package libxmuu1:amd64.
Preparing to unpack .../87-libxmuu1_1.1.2-2+b3_amd64.deb ...
Unpacking libxmuu1:amd64 (2:1.1.2-2+b3) ...
Selecting previously unselected package lsb-release.
Preparing to unpack .../88-lsb-release_10.2019051400_all.deb ...
Unpacking lsb-release (10.2019051400) ...
Selecting previously unselected package powermgmt-base.
Preparing to unpack .../89-powermgmt-base_1.34_all.deb ...
Unpacking powermgmt-base (1.34) ...
Selecting previously unselected package publicsuffix.
Preparing to unpack .../90-publicsuffix_20190415.1030-1_all.deb ...
Unpacking publicsuffix (20190415.1030-1) ...
Selecting previously unselected package task-english.
Preparing to unpack .../91-task-english_3.53_all.deb ...
Unpacking task-english (3.53) ...
Selecting previously unselected package util-linux-locales.
Preparing to unpack .../92-util-linux-locales_2.33.1-0.1_all.deb ...
Unpacking util-linux-locales (2.33.1-0.1) ...
Selecting previously unselected package xauth.
Preparing to unpack .../93-xauth_1.0.10-1_amd64.deb ...
Unpacking xauth (1:1.0.10-1) ...
Setting up python3-pkg-resources (40.8.0-1) ...
Setting up perl-modules-5.28 (5.28.1-6) ...
Setting up powermgmt-base (1.34) ...
Setting up libpipeline1:amd64 (1.5.1-2) ...
Setting up liblmdb0:amd64 (0.9.22-1) ...
Setting up libxau6:amd64 (1:1.0.8-1+b2) ...
Setting up libxdmcp6:amd64 (1:1.1.2-3) ...
Setting up libkeyutils1:amd64 (1.6-6) ...
Setting up libpsl5:amd64 (0.20.2-2) ...
Setting up libxcb1:amd64 (1.13.1-2) ...
Setting up telnet (0.17-41.2) ...
update-alternatives: using /usr/bin/telnet.netkit to provide /usr/bin/telnet (telnet) in auto mode
Setting up liblockfile-bin (1.14-1.1) ...
Setting up netcat-traditional (1.10-41.1) ...
update-alternatives: using /bin/nc.traditional to provide /bin/nc (nc) in auto mode
Setting up traceroute (1:2.1.0-2) ...
update-alternatives: using /usr/bin/traceroute.db to provide /usr/bin/traceroute (traceroute) in auto mode
update-alternatives: using /usr/bin/traceroute6.db to provide /usr/bin/traceroute6 (traceroute6) in auto mode
update-alternatives: using /usr/bin/lft.db to provide /usr/bin/lft (lft) in auto mode
update-alternatives: using /usr/bin/traceproto.db to provide /usr/bin/traceproto (traceproto) in auto mode
update-alternatives: using /usr/sbin/tcptraceroute.db to provide /usr/sbin/tcptraceroute (tcptraceroute) in auto mode
Setting up distro-info-data (0.41+deb10u1) ...
Setting up manpages (4.16-2) ...
Setting up libfstrm0:amd64 (0.4.0-1) ...
Setting up libedit2:amd64 (3.1-20181209-1) ...
Setting up python3-debconf (1.5.71) ...
Setting up libsasl2-modules:amd64 (2.1.27+dfsg-1+deb10u1) ...
Setting up task-english (3.53) ...
Setting up libnghttp2-14:amd64 (1.36.0-2+deb10u1) ...
Setting up gettext-base (0.19.8.1-9) ...
Setting up libnss-systemd:amd64 (241-7~deb10u3) ...
First installation detected...
Checking NSS setup...
Setting up hdparm (9.58+ds-1) ...
Setting up krb5-locales (1.17-3) ...
Setting up ispell (3.4.00-6+b1) ...
Setting up libldap-common (2.4.47+dfsg-3+deb10u1) ...
Setting up doc-debian (6.4) ...
Setting up libprotobuf-c1:amd64 (1.3.1-1+b1) ...
Setting up libicu63:amd64 (63.1-6) ...
Setting up debian-faq (9.0) ...
Setting up libkrb5support0:amd64 (1.17-3) ...
Setting up libsasl2-modules-db:amd64 (2.1.27+dfsg-1+deb10u1) ...
Setting up libpython2.7-stdlib:amd64 (2.7.16-2+deb10u1) ...
Setting up python3-six (1.12.0-1) ...
Setting up python3-chardet (3.0.4-3) ...
Setting up emacsen-common (3.0.4) ...
Setting up libx11-data (2:1.6.7-1) ...
Setting up librtmp1:amd64 (2.4+20151223.gitfa8646d.1-2) ...
Setting up bash-completion (1:2.8-6) ...
Setting up python3-debian (0.1.35) ...
Setting up wamerican (2018.04.16-1) ...
Setting up libdbus-1-3:amd64 (1.12.16-1) ...
Setting up dbus (1.12.16-1) ...
Running in chroot, ignoring request.
invoke-rc.d: policy-rc.d denied execution of start.
Setting up python3-idna (2.6-1) ...
Setting up ucf (3.0038+nmu1) ...
Setting up libpcre2-8-0:amd64 (10.32-5) ...
Setting up libk5crypto3:amd64 (1.17-3) ...
Setting up libsasl2-2:amd64 (2.1.27+dfsg-1+deb10u1) ...
Setting up lsof (4.91+dfsg-1) ...
Setting up python3-urllib3 (1.24.1-1) ...
Setting up python-apt-common (1.8.4.1) ...
Setting up libuchardet0:amd64 (0.0.6-3) ...
Setting up ienglish-common (3.4.00-6) ...
Setting up libgeoip1:amd64 (1.6.12-1) ...
Setting up libpam-systemd:amd64 (241-7~deb10u3) ...
Setting up libx11-6:amd64 (2:1.6.7-1) ...
Setting up libssh2-1:amd64 (1.8.0-2.1) ...
Setting up libkrb5-3:amd64 (1.17-3) ...
Setting up util-linux-locales (2.33.1-0.1) ...
Setting up lsb-release (10.2019051400) ...
Setting up geoip-database (20181108-1) ...
Setting up openssl (1.1.1d-0+deb10u2) ...
Setting up publicsuffix (20190415.1030-1) ...
Setting up libxml2:amd64 (2.9.4+dfsg1-7+b3) ...
Setting up iso-codes (4.2-1) ...
Setting up libxmuu1:amd64 (2:1.1.2-2+b3) ...
Setting up libgdbm6:amd64 (1.18.1-4) ...
Setting up ncurses-term (6.1+20181013-2+deb10u2) ...
Setting up wget (1.20.1-1.1) ...
Setting up python2.7 (2.7.16-2+deb10u1) ...
Setting up dictionaries-common (1.28.1) ...
Setting up libpython2-stdlib:amd64 (2.7.16-1) ...
Setting up python3-apt (1.8.4.1) ...
Setting up libxext6:amd64 (2:1.3.3-1+b2) ...
Setting up libldap-2.4-2:amd64 (2.4.47+dfsg-3+deb10u1) ...
Setting up libisc1100:amd64 (1:9.11.5.P4+dfsg-5.1) ...
Setting up python2 (2.7.16-1) ...
Setting up ca-certificates (20190110) ...
Updating certificates in /etc/ssl/certs...
128 added, 0 removed; done.
Setting up libpython-stdlib:amd64 (2.7.16-1) ...
Setting up python3-certifi (2018.8.24-1) ...
Setting up liblwres161:amd64 (1:9.11.5.P4+dfsg-5.1) ...
Setting up python3-requests (2.21.0-1) ...
Setting up libgssapi-krb5-2:amd64 (1.17-3) ...
Setting up libgdbm-compat4:amd64 (1.18.1-4) ...
Setting up libperl5.28:amd64 (5.28.1-6) ...
Setting up xauth (1:1.0.10-1) ...
Setting up groff-base (1.22.4-3) ...
Setting up python3-httplib2 (0.11.3-2) ...
Setting up libisccc161:amd64 (1:9.11.5.P4+dfsg-5.1) ...
Setting up apt-listchanges (3.19) ...

Creating config file /etc/apt/listchanges.conf with new version
Setting up python (2.7.16-1) ...
Setting up libdns1104:amd64 (1:9.11.5.P4+dfsg-5.1) ...
Setting up iamerican (3.4.00-6) ...
Setting up ibritish (3.4.00-6) ...
Setting up openssh-client (1:7.9p1-10+deb10u2) ...
Setting up libcurl3-gnutls:amd64 (7.64.0-4+deb10u1) ...
Setting up man-db (2.8.5-2) ...
Building database of manual pages ...
Created symlink /etc/systemd/system/timers.target.wants/man-db.timer → /lib/systemd/system/man-db.timer.
Setting up perl (5.28.1-6) ...
Setting up python3-pycurl (7.43.0.2-0.1) ...
Setting up python3-pysimplesoap (1.16.2-1) ...
Setting up libisccfg163:amd64 (1:9.11.5.P4+dfsg-5.1) ...
Setting up python3-debianbts (2.8.2) ...
Setting up libbind9-161:amd64 (1:9.11.5.P4+dfsg-5.1) ...
Setting up python3-reportbug (7.5.3~deb10u1) ...
Setting up bind9-host (1:9.11.5.P4+dfsg-5.1) ...
Setting up reportbug (7.5.3~deb10u1) ...
Processing triggers for libc-bin (2.28-10) ...
Processing triggers for systemd (241-7~deb10u3) ...
Processing triggers for mime-support (3.62) ...
Processing triggers for dictionaries-common (1.28.1) ...
ispell-autobuildhash: Processing 'american' dict.
ispell-autobuildhash: Processing 'british' dict.
Processing triggers for ca-certificates (20190110) ...
Updating certificates in /etc/ssl/certs...
0 added, 0 removed; done.
Running hooks in /etc/ca-certificates/update.d...
done.
Log ended: 2020-03-21  16:02:39

Log started: 2020-03-21  16:02:43
Selecting previously unselected package libefivar1:amd64.
(Reading database ... 
(Reading database ... 5%
(Reading database ... 10%
(Reading database ... 15%
(Reading database ... 20%
(Reading database ... 25%
(Reading database ... 30%
(Reading database ... 35%
(Reading database ... 40%
(Reading database ... 45%
(Reading database ... 50%
(Reading database ... 55%
(Reading database ... 60%
(Reading database ... 65%
(Reading database ... 70%
(Reading database ... 75%
(Reading database ... 80%
(Reading database ... 85%
(Reading database ... 90%
(Reading database ... 95%
(Reading database ... 100%
(Reading database ... 26795 files and directories currently installed.)
Preparing to unpack .../0-libefivar1_37-2_amd64.deb ...
Unpacking libefivar1:amd64 (37-2) ...
Selecting previously unselected package libefiboot1:amd64.
Preparing to unpack .../1-libefiboot1_37-2_amd64.deb ...
Unpacking libefiboot1:amd64 (37-2) ...
Selecting previously unselected package libpng16-16:amd64.
Preparing to unpack .../2-libpng16-16_1.6.36-6_amd64.deb ...
Unpacking libpng16-16:amd64 (1.6.36-6) ...
Selecting previously unselected package libfreetype6:amd64.
Preparing to unpack .../3-libfreetype6_2.9.1-3+deb10u1_amd64.deb ...
Unpacking libfreetype6:amd64 (2.9.1-3+deb10u1) ...
Selecting previously unselected package libfuse2:amd64.
Preparing to unpack .../4-libfuse2_2.9.9-1_amd64.deb ...
Unpacking libfuse2:amd64 (2.9.9-1) ...
Selecting previously unselected package grub-common.
Preparing to unpack .../5-grub-common_2.02+dfsg1-20_amd64.deb ...
Unpacking grub-common (2.02+dfsg1-20) ...
Selecting previously unselected package os-prober.
Preparing to unpack .../6-os-prober_1.77_amd64.deb ...
Unpacking os-prober (1.77) ...
Setting up libfuse2:amd64 (2.9.9-1) ...
Setting up libpng16-16:amd64 (1.6.36-6) ...
Setting up libefivar1:amd64 (37-2) ...
Setting up libefiboot1:amd64 (37-2) ...
Setting up libfreetype6:amd64 (2.9.1-3+deb10u1) ...
Setting up grub-common (2.02+dfsg1-20) ...
Setting up os-prober (1.77) ...
Processing triggers for man-db (2.8.5-2) ...
Processing triggers for libc-bin (2.28-10) ...
Log ended: 2020-03-21  16:02:44

Log started: 2020-03-21  16:02:45
Selecting previously unselected package grub2-common.
(Reading database ... 
(Reading database ... 5%
(Reading database ... 10%
(Reading database ... 15%
(Reading database ... 20%
(Reading database ... 25%
(Reading database ... 30%
(Reading database ... 35%
(Reading database ... 40%
(Reading database ... 45%
(Reading database ... 50%
(Reading database ... 55%
(Reading database ... 60%
(Reading database ... 65%
(Reading database ... 70%
(Reading database ... 75%
(Reading database ... 80%
(Reading database ... 85%
(Reading database ... 90%
(Reading database ... 95%
(Reading database ... 100%
(Reading database ... 27019 files and directories currently installed.)
Preparing to unpack .../grub2-common_2.02+dfsg1-20_amd64.deb ...
Unpacking grub2-common (2.02+dfsg1-20) ...
Selecting previously unselected package grub-pc-bin.
Preparing to unpack .../grub-pc-bin_2.02+dfsg1-20_amd64.deb ...
Unpacking grub-pc-bin (2.02+dfsg1-20) ...
Selecting previously unselected package grub-pc.
Preparing to unpack .../grub-pc_2.02+dfsg1-20_amd64.deb ...
Unpacking grub-pc (2.02+dfsg1-20) ...
Setting up grub2-common (2.02+dfsg1-20) ...
Setting up grub-pc-bin (2.02+dfsg1-20) ...
Setting up grub-pc (2.02+dfsg1-20) ...

Creating config file /etc/default/grub with new version
Processing triggers for man-db (2.8.5-2) ...
Log ended: 2020-03-21  16:02:45

Log started: 2020-10-27  20:38:19
Selecting previously unselected package fonts-dejavu-core.
(Reading database ... 
(Reading database ... 5%
(Reading database ... 10%
(Reading database ... 15%
(Reading database ... 20%
(Reading database ... 25%
(Reading database ... 30%
(Reading database ... 35%
(Reading database ... 40%
(Reading database ... 45%
(Reading database ... 50%
(Reading database ... 55%
(Reading database ... 60%
(Reading database ... 65%
(Reading database ... 70%
(Reading database ... 75%
(Reading database ... 80%
(Reading database ... 85%
(Reading database ... 90%
(Reading database ... 95%
(Reading database ... 100%
(Reading database ... 27351 files and directories currently installed.)
Preparing to unpack .../00-fonts-dejavu-core_2.37-1_all.deb ...
Unpacking fonts-dejavu-core (2.37-1) ...
Selecting previously unselected package fontconfig-config.
Preparing to unpack .../01-fontconfig-config_2.13.1-2_all.deb ...
Unpacking fontconfig-config (2.13.1-2) ...
Selecting previously unselected package libfontconfig1:amd64.
Preparing to unpack .../02-libfontconfig1_2.13.1-2_amd64.deb ...
Unpacking libfontconfig1:amd64 (2.13.1-2) ...
Selecting previously unselected package libjpeg62-turbo:amd64.
Preparing to unpack .../03-libjpeg62-turbo_1%3a1.5.2-2+b1_amd64.deb ...
Unpacking libjpeg62-turbo:amd64 (1:1.5.2-2+b1) ...
Selecting previously unselected package libjbig0:amd64.
Preparing to unpack .../04-libjbig0_2.1-3.1+b2_amd64.deb ...
Unpacking libjbig0:amd64 (2.1-3.1+b2) ...
Selecting previously unselected package libwebp6:amd64.
Preparing to unpack .../05-libwebp6_0.6.1-2_amd64.deb ...
Unpacking libwebp6:amd64 (0.6.1-2) ...
Selecting previously unselected package libtiff5:amd64.
Preparing to unpack .../06-libtiff5_4.1.0+git191117-2~deb10u1_amd64.deb ...
Unpacking libtiff5:amd64 (4.1.0+git191117-2~deb10u1) ...
Selecting previously unselected package libxpm4:amd64.
Preparing to unpack .../07-libxpm4_1%3a3.5.12-1_amd64.deb ...
Unpacking libxpm4:amd64 (1:3.5.12-1) ...
Selecting previously unselected package libgd3:amd64.
Preparing to unpack .../08-libgd3_2.2.5-5.2_amd64.deb ...
Unpacking libgd3:amd64 (2.2.5-5.2) ...
Selecting previously unselected package nginx-common.
Preparing to unpack .../09-nginx-common_1.14.2-2+deb10u3_all.deb ...
Unpacking nginx-common (1.14.2-2+deb10u3) ...
Selecting previously unselected package libnginx-mod-http-auth-pam.
Preparing to unpack .../10-libnginx-mod-http-auth-pam_1.14.2-2+deb10u3_amd64.deb ...
Unpacking libnginx-mod-http-auth-pam (1.14.2-2+deb10u3) ...
Selecting previously unselected package libxslt1.1:amd64.
Preparing to unpack .../11-libxslt1.1_1.1.32-2.2~deb10u1_amd64.deb ...
Unpacking libxslt1.1:amd64 (1.1.32-2.2~deb10u1) ...
Selecting previously unselected package libnginx-mod-http-dav-ext.
Preparing to unpack .../12-libnginx-mod-http-dav-ext_1.14.2-2+deb10u3_amd64.deb ...
Unpacking libnginx-mod-http-dav-ext (1.14.2-2+deb10u3) ...
Selecting previously unselected package libnginx-mod-http-echo.
Preparing to unpack .../13-libnginx-mod-http-echo_1.14.2-2+deb10u3_amd64.deb ...
Unpacking libnginx-mod-http-echo (1.14.2-2+deb10u3) ...
Selecting previously unselected package libnginx-mod-http-geoip.
Preparing to unpack .../14-libnginx-mod-http-geoip_1.14.2-2+deb10u3_amd64.deb ...
Unpacking libnginx-mod-http-geoip (1.14.2-2+deb10u3) ...
Selecting previously unselected package libnginx-mod-http-image-filter.
Preparing to unpack .../15-libnginx-mod-http-image-filter_1.14.2-2+deb10u3_amd64.deb ...
Unpacking libnginx-mod-http-image-filter (1.14.2-2+deb10u3) ...
Selecting previously unselected package libnginx-mod-http-subs-filter.
Preparing to unpack .../16-libnginx-mod-http-subs-filter_1.14.2-2+deb10u3_amd64.deb ...
Unpacking libnginx-mod-http-subs-filter (1.14.2-2+deb10u3) ...
Selecting previously unselected package libnginx-mod-http-upstream-fair.
Preparing to unpack .../17-libnginx-mod-http-upstream-fair_1.14.2-2+deb10u3_amd64.deb ...
Unpacking libnginx-mod-http-upstream-fair (1.14.2-2+deb10u3) ...
Selecting previously unselected package libnginx-mod-http-xslt-filter.
Preparing to unpack .../18-libnginx-mod-http-xslt-filter_1.14.2-2+deb10u3_amd64.deb ...
Unpacking libnginx-mod-http-xslt-filter (1.14.2-2+deb10u3) ...
Selecting previously unselected package libnginx-mod-mail.
Preparing to unpack .../19-libnginx-mod-mail_1.14.2-2+deb10u3_amd64.deb ...
Unpacking libnginx-mod-mail (1.14.2-2+deb10u3) ...
Selecting previously unselected package libnginx-mod-stream.
Preparing to unpack .../20-libnginx-mod-stream_1.14.2-2+deb10u3_amd64.deb ...
Unpacking libnginx-mod-stream (1.14.2-2+deb10u3) ...
Selecting previously unselected package libwrap0:amd64.
Preparing to unpack .../21-libwrap0_7.6.q-28_amd64.deb ...
Unpacking libwrap0:amd64 (7.6.q-28) ...
Selecting previously unselected package nginx-full.
Preparing to unpack .../22-nginx-full_1.14.2-2+deb10u3_amd64.deb ...
Unpacking nginx-full (1.14.2-2+deb10u3) ...
Selecting previously unselected package nginx.
Preparing to unpack .../23-nginx_1.14.2-2+deb10u3_all.deb ...
Unpacking nginx (1.14.2-2+deb10u3) ...
Selecting previously unselected package ssl-cert.
Preparing to unpack .../24-ssl-cert_1.0.39_all.deb ...
Unpacking ssl-cert (1.0.39) ...
Selecting previously unselected package sudo.
Preparing to unpack .../25-sudo_1.8.27-1+deb10u2_amd64.deb ...
Unpacking sudo (1.8.27-1+deb10u2) ...
Selecting previously unselected package vsftpd.
Preparing to unpack .../26-vsftpd_3.0.3-12_amd64.deb ...
Unpacking vsftpd (3.0.3-12) ...
Setting up libxpm4:amd64 (1:3.5.12-1) ...
Setting up nginx-common (1.14.2-2+deb10u3) ...
Created symlink /etc/systemd/system/multi-user.target.wants/nginx.service → /lib/systemd/system/nginx.service.
Setting up libjbig0:amd64 (2.1-3.1+b2) ...
Setting up libjpeg62-turbo:amd64 (1:1.5.2-2+b1) ...
Setting up libnginx-mod-http-auth-pam (1.14.2-2+deb10u3) ...
Setting up libnginx-mod-http-geoip (1.14.2-2+deb10u3) ...
Setting up libwrap0:amd64 (7.6.q-28) ...
Setting up ssl-cert (1.0.39) ...
Setting up libwebp6:amd64 (0.6.1-2) ...
Setting up sudo (1.8.27-1+deb10u2) ...
Setting up fonts-dejavu-core (2.37-1) ...
Setting up vsftpd (3.0.3-12) ...
Created symlink /etc/systemd/system/multi-user.target.wants/vsftpd.service → /lib/systemd/system/vsftpd.service.
[vsftpd.conf:1] Line references path below legacy directory /var/run/, updating /var/run/vsftpd/empty → /run/vsftpd/empty; please update the tmpfiles.d/ drop-in file accordingly.
Setting up libnginx-mod-http-echo (1.14.2-2+deb10u3) ...
Setting up libnginx-mod-http-subs-filter (1.14.2-2+deb10u3) ...
Setting up libxslt1.1:amd64 (1.1.32-2.2~deb10u1) ...
Setting up libtiff5:amd64 (4.1.0+git191117-2~deb10u1) ...
Setting up libnginx-mod-http-dav-ext (1.14.2-2+deb10u3) ...
Setting up libnginx-mod-mail (1.14.2-2+deb10u3) ...
Setting up fontconfig-config (2.13.1-2) ...
Setting up libnginx-mod-stream (1.14.2-2+deb10u3) ...
Setting up libnginx-mod-http-upstream-fair (1.14.2-2+deb10u3) ...
Setting up libnginx-mod-http-xslt-filter (1.14.2-2+deb10u3) ...
Setting up libfontconfig1:amd64 (2.13.1-2) ...
Setting up libgd3:amd64 (2.2.5-5.2) ...
Setting up libnginx-mod-http-image-filter (1.14.2-2+deb10u3) ...
Setting up nginx-full (1.14.2-2+deb10u3) ...
Setting up nginx (1.14.2-2+deb10u3) ...
Processing triggers for systemd (241-7~deb10u3) ...
Processing triggers for man-db (2.8.5-2) ...
Processing triggers for libc-bin (2.28-10) ...
Log ended: 2020-10-27  20:38:23

Log started: 2020-10-27  20:39:00
(Reading database ... 
(Reading database ... 5%
(Reading database ... 10%
(Reading database ... 15%
(Reading database ... 20%
(Reading database ... 25%
(Reading database ... 30%
(Reading database ... 35%
(Reading database ... 40%
(Reading database ... 45%
(Reading database ... 50%
(Reading database ... 55%
(Reading database ... 60%
(Reading database ... 65%
(Reading database ... 70%
(Reading database ... 75%
(Reading database ... 80%
(Reading database ... 85%
(Reading database ... 90%
(Reading database ... 95%
(Reading database ... 100%
(Reading database ... 27848 files and directories currently installed.)
Preparing to unpack .../base-files_10.3+deb10u6_amd64.deb ...
Unpacking base-files (10.3+deb10u6) over (10.3+deb10u3) ...
Setting up base-files (10.3+deb10u6) ...
Installing new version of config file /etc/debian_version ...
(Reading database ... 
(Reading database ... 5%
(Reading database ... 10%
(Reading database ... 15%
(Reading database ... 20%
(Reading database ... 25%
(Reading database ... 30%
(Reading database ... 35%
(Reading database ... 40%
(Reading database ... 45%
(Reading database ... 50%
(Reading database ... 55%
(Reading database ... 60%
(Reading database ... 65%
(Reading database ... 70%
(Reading database ... 75%
(Reading database ... 80%
(Reading database ... 85%
(Reading database ... 90%
(Reading database ... 95%
(Reading database ... 100%
(Reading database ... 27848 files and directories currently installed.)
Preparing to unpack .../libperl5.28_5.28.1-6+deb10u1_amd64.deb ...
Unpacking libperl5.28:amd64 (5.28.1-6+deb10u1) over (5.28.1-6) ...
Preparing to unpack .../perl_5.28.1-6+deb10u1_amd64.deb ...
Unpacking perl (5.28.1-6+deb10u1) over (5.28.1-6) ...
Preparing to unpack .../perl-base_5.28.1-6+deb10u1_amd64.deb ...
Unpacking perl-base (5.28.1-6+deb10u1) over (5.28.1-6) ...
Setting up perl-base (5.28.1-6+deb10u1) ...
(Reading database ... 
(Reading database ... 5%
(Reading database ... 10%
(Reading database ... 15%
(Reading database ... 20%
(Reading database ... 25%
(Reading database ... 30%
(Reading database ... 35%
(Reading database ... 40%
(Reading database ... 45%
(Reading database ... 50%
(Reading database ... 55%
(Reading database ... 60%
(Reading database ... 65%
(Reading database ... 70%
(Reading database ... 75%
(Reading database ... 80%
(Reading database ... 85%
(Reading database ... 90%
(Reading database ... 95%
(Reading database ... 100%
(Reading database ... 27848 files and directories currently installed.)
Preparing to unpack .../perl-modules-5.28_5.28.1-6+deb10u1_all.deb ...
Unpacking perl-modules-5.28 (5.28.1-6+deb10u1) over (5.28.1-6) ...
Preparing to unpack .../libsystemd0_241-7~deb10u4_amd64.deb ...
Unpacking libsystemd0:amd64 (241-7~deb10u4) over (241-7~deb10u3) ...
Setting up libsystemd0:amd64 (241-7~deb10u4) ...
(Reading database ... 
(Reading database ... 5%
(Reading database ... 10%
(Reading database ... 15%
(Reading database ... 20%
(Reading database ... 25%
(Reading database ... 30%
(Reading database ... 35%
(Reading database ... 40%
(Reading database ... 45%
(Reading database ... 50%
(Reading database ... 55%
(Reading database ... 60%
(Reading database ... 65%
(Reading database ... 70%
(Reading database ... 75%
(Reading database ... 80%
(Reading database ... 85%
(Reading database ... 90%
(Reading database ... 95%
(Reading database ... 100%
(Reading database ... 27848 files and directories currently installed.)
Preparing to unpack .../libnss-systemd_241-7~deb10u4_amd64.deb ...
Unpacking libnss-systemd:amd64 (241-7~deb10u4) over (241-7~deb10u3) ...
Preparing to unpack .../libpam-systemd_241-7~deb10u4_amd64.deb ...
Unpacking libpam-systemd:amd64 (241-7~deb10u4) over (241-7~deb10u3) ...
Preparing to unpack .../systemd_241-7~deb10u4_amd64.deb ...
Unpacking systemd (241-7~deb10u4) over (241-7~deb10u3) ...
Preparing to unpack .../udev_241-7~deb10u4_amd64.deb ...
Unpacking udev (241-7~deb10u4) over (241-7~deb10u3) ...
Preparing to unpack .../libudev1_241-7~deb10u4_amd64.deb ...
Unpacking libudev1:amd64 (241-7~deb10u4) over (241-7~deb10u3) ...
Setting up libudev1:amd64 (241-7~deb10u4) ...
Setting up systemd (241-7~deb10u4) ...
(Reading database ... 
(Reading database ... 5%
(Reading database ... 10%
(Reading database ... 15%
(Reading database ... 20%
(Reading database ... 25%
(Reading database ... 30%
(Reading database ... 35%
(Reading database ... 40%
(Reading database ... 45%
(Reading database ... 50%
(Reading database ... 55%
(Reading database ... 60%
(Reading database ... 65%
(Reading database ... 70%
(Reading database ... 75%
(Reading database ... 80%
(Reading database ... 85%
(Reading database ... 90%
(Reading database ... 95%
(Reading database ... 100%
(Reading database ... 27848 files and directories currently installed.)
Preparing to unpack .../systemd-sysv_241-7~deb10u4_amd64.deb ...
Unpacking systemd-sysv (241-7~deb10u4) over (241-7~deb10u3) ...
Preparing to unpack .../dbus_1.12.20-0+deb10u1_amd64.deb ...
Unpacking dbus (1.12.20-0+deb10u1) over (1.12.16-1) ...
Preparing to unpack .../libdbus-1-3_1.12.20-0+deb10u1_amd64.deb ...
Unpacking libdbus-1-3:amd64 (1.12.20-0+deb10u1) over (1.12.16-1) ...
Preparing to unpack .../libgnutls30_3.6.7-4+deb10u5_amd64.deb ...
Unpacking libgnutls30:amd64 (3.6.7-4+deb10u5) over (3.6.7-4+deb10u2) ...
Setting up libgnutls30:amd64 (3.6.7-4+deb10u5) ...
(Reading database ... 
(Reading database ... 5%
(Reading database ... 10%
(Reading database ... 15%
(Reading database ... 20%
(Reading database ... 25%
(Reading database ... 30%
(Reading database ... 35%
(Reading database ... 40%
(Reading database ... 45%
(Reading database ... 50%
(Reading database ... 55%
(Reading database ... 60%
(Reading database ... 65%
(Reading database ... 70%
(Reading database ... 75%
(Reading database ... 80%
(Reading database ... 85%
(Reading database ... 90%
(Reading database ... 95%
(Reading database ... 100%
(Reading database ... 27848 files and directories currently installed.)
Preparing to unpack .../libapt-pkg5.0_1.8.2.1_amd64.deb ...
Unpacking libapt-pkg5.0:amd64 (1.8.2.1) over (1.8.2) ...
Setting up libapt-pkg5.0:amd64 (1.8.2.1) ...
(Reading database ... 
(Reading database ... 5%
(Reading database ... 10%
(Reading database ... 15%
(Reading database ... 20%
(Reading database ... 25%
(Reading database ... 30%
(Reading database ... 35%
(Reading database ... 40%
(Reading database ... 45%
(Reading database ... 50%
(Reading database ... 55%
(Reading database ... 60%
(Reading database ... 65%
(Reading database ... 70%
(Reading database ... 75%
(Reading database ... 80%
(Reading database ... 85%
(Reading database ... 90%
(Reading database ... 95%
(Reading database ... 100%
(Reading database ... 27848 files and directories currently installed.)
Preparing to unpack .../libapt-inst2.0_1.8.2.1_amd64.deb ...
Unpacking libapt-inst2.0:amd64 (1.8.2.1) over (1.8.2) ...
Preparing to unpack .../archives/apt_1.8.2.1_amd64.deb ...
Unpacking apt (1.8.2.1) over (1.8.2) ...
Setting up apt (1.8.2.1) ...
(Reading database ... 
(Reading database ... 5%
(Reading database ... 10%
(Reading database ... 15%
(Reading database ... 20%
(Reading database ... 25%
(Reading database ... 30%
(Reading database ... 35%
(Reading database ... 40%
(Reading database ... 45%
(Reading database ... 50%
(Reading database ... 55%
(Reading database ... 60%
(Reading database ... 65%
(Reading database ... 70%
(Reading database ... 75%
(Reading database ... 80%
(Reading database ... 85%
(Reading database ... 90%
(Reading database ... 95%
(Reading database ... 100%
(Reading database ... 27848 files and directories currently installed.)
Preparing to unpack .../00-apt-utils_1.8.2.1_amd64.deb ...
Unpacking apt-utils (1.8.2.1) over (1.8.2) ...
Preparing to unpack .../01-libssl1.1_1.1.1d-0+deb10u3_amd64.deb ...
Unpacking libssl1.1:amd64 (1.1.1d-0+deb10u3) over (1.1.1d-0+deb10u2) ...
Preparing to unpack .../02-python3.7_3.7.3-2+deb10u2_amd64.deb ...
Unpacking python3.7 (3.7.3-2+deb10u2) over (3.7.3-2+deb10u1) ...
Preparing to unpack .../03-libpython3.7-stdlib_3.7.3-2+deb10u2_amd64.deb ...
Unpacking libpython3.7-stdlib:amd64 (3.7.3-2+deb10u2) over (3.7.3-2+deb10u1) ...
Preparing to unpack .../04-python3.7-minimal_3.7.3-2+deb10u2_amd64.deb ...
Unpacking python3.7-minimal (3.7.3-2+deb10u2) over (3.7.3-2+deb10u1) ...
Preparing to unpack .../05-libpython3.7-minimal_3.7.3-2+deb10u2_amd64.deb ...
Unpacking libpython3.7-minimal:amd64 (3.7.3-2+deb10u2) over (3.7.3-2+deb10u1) ...
Preparing to unpack .../06-tzdata_2020d-0+deb10u1_all.deb ...
Unpacking tzdata (2020d-0+deb10u1) over (2019c-0+deb10u1) ...
Preparing to unpack .../07-iputils-ping_3%3a20180629-2+deb10u1_amd64.deb ...
Unpacking iputils-ping (3:20180629-2+deb10u1) over (3:20180629-2) ...
Preparing to unpack .../08-libjson-c3_0.12.1+ds-2+deb10u1_amd64.deb ...
Unpacking libjson-c3:amd64 (0.12.1+ds-2+deb10u1) over (0.12.1+ds-2) ...
Preparing to unpack .../09-bind9-host_1%3a9.11.5.P4+dfsg-5.1+deb10u2_amd64.deb ...
Unpacking bind9-host (1:9.11.5.P4+dfsg-5.1+deb10u2) over (1:9.11.5.P4+dfsg-5.1) ...
Preparing to unpack .../10-libbind9-161_1%3a9.11.5.P4+dfsg-5.1+deb10u2_amd64.deb ...
Unpacking libbind9-161:amd64 (1:9.11.5.P4+dfsg-5.1+deb10u2) over (1:9.11.5.P4+dfsg-5.1) ...
Preparing to unpack .../11-libisccfg163_1%3a9.11.5.P4+dfsg-5.1+deb10u2_amd64.deb ...
Unpacking libisccfg163:amd64 (1:9.11.5.P4+dfsg-5.1+deb10u2) over (1:9.11.5.P4+dfsg-5.1) ...
Preparing to unpack .../12-libisccc161_1%3a9.11.5.P4+dfsg-5.1+deb10u2_amd64.deb ...
Unpacking libisccc161:amd64 (1:9.11.5.P4+dfsg-5.1+deb10u2) over (1:9.11.5.P4+dfsg-5.1) ...
Preparing to unpack .../13-libdns1104_1%3a9.11.5.P4+dfsg-5.1+deb10u2_amd64.deb ...
Unpacking libdns1104:amd64 (1:9.11.5.P4+dfsg-5.1+deb10u2) over (1:9.11.5.P4+dfsg-5.1) ...
Preparing to unpack .../14-libisc1100_1%3a9.11.5.P4+dfsg-5.1+deb10u2_amd64.deb ...
Unpacking libisc1100:amd64 (1:9.11.5.P4+dfsg-5.1+deb10u2) over (1:9.11.5.P4+dfsg-5.1) ...
Preparing to unpack .../15-liblwres161_1%3a9.11.5.P4+dfsg-5.1+deb10u2_amd64.deb ...
Unpacking liblwres161:amd64 (1:9.11.5.P4+dfsg-5.1+deb10u2) over (1:9.11.5.P4+dfsg-5.1) ...
Preparing to unpack .../16-openssl_1.1.1d-0+deb10u3_amd64.deb ...
Unpacking openssl (1.1.1d-0+deb10u3) over (1.1.1d-0+deb10u2) ...
Preparing to unpack .../17-ca-certificates_20200601~deb10u1_all.deb ...
Unpacking ca-certificates (20200601~deb10u1) over (20190110) ...
Preparing to unpack .../18-distro-info-data_0.41+deb10u2_all.deb ...
Unpacking distro-info-data (0.41+deb10u2) over (0.41+deb10u1) ...
Preparing to unpack .../19-grub2-common_2.02+dfsg1-20+deb10u2_amd64.deb ...
Unpacking grub2-common (2.02+dfsg1-20+deb10u2) over (2.02+dfsg1-20) ...
Preparing to unpack .../20-grub-pc_2.02+dfsg1-20+deb10u2_amd64.deb ...
Unpacking grub-pc (2.02+dfsg1-20+deb10u2) over (2.02+dfsg1-20) ...
Preparing to unpack .../21-grub-pc-bin_2.02+dfsg1-20+deb10u2_amd64.deb ...
Unpacking grub-pc-bin (2.02+dfsg1-20+deb10u2) over (2.02+dfsg1-20) ...
Preparing to unpack .../22-libfreetype6_2.9.1-3+deb10u2_amd64.deb ...
Unpacking libfreetype6:amd64 (2.9.1-3+deb10u2) over (2.9.1-3+deb10u1) ...
Preparing to unpack .../23-libfuse2_2.9.9-1+deb10u1_amd64.deb ...
Unpacking libfuse2:amd64 (2.9.9-1+deb10u1) over (2.9.9-1) ...
Preparing to unpack .../24-grub-common_2.02+dfsg1-20+deb10u2_amd64.deb ...
Unpacking grub-common (2.02+dfsg1-20+deb10u2) over (2.02+dfsg1-20) ...
Preparing to unpack .../25-libisc-export1100_1%3a9.11.5.P4+dfsg-5.1+deb10u2_amd64.deb ...
Unpacking libisc-export1100:amd64 (1:9.11.5.P4+dfsg-5.1+deb10u2) over (1:9.11.5.P4+dfsg-5.1) ...
Preparing to unpack .../26-libdns-export1104_1%3a9.11.5.P4+dfsg-5.1+deb10u2_amd64.deb ...
Unpacking libdns-export1104 (1:9.11.5.P4+dfsg-5.1+deb10u2) over (1:9.11.5.P4+dfsg-5.1) ...
Preparing to unpack .../27-libicu63_63.1-6+deb10u1_amd64.deb ...
Unpacking libicu63:amd64 (63.1-6+deb10u1) over (63.1-6) ...
Preparing to unpack .../28-libldap-common_2.4.47+dfsg-3+deb10u2_all.deb ...
Unpacking libldap-common (2.4.47+dfsg-3+deb10u2) over (2.4.47+dfsg-3+deb10u1) ...
Preparing to unpack .../29-libldap-2.4-2_2.4.47+dfsg-3+deb10u2_amd64.deb ...
Unpacking libldap-2.4-2:amd64 (2.4.47+dfsg-3+deb10u2) over (2.4.47+dfsg-3+deb10u1) ...
Preparing to unpack .../30-libx11-data_2%3a1.6.7-1+deb10u1_all.deb ...
Unpacking libx11-data (2:1.6.7-1+deb10u1) over (2:1.6.7-1) ...
Preparing to unpack .../31-libx11-6_2%3a1.6.7-1+deb10u1_amd64.deb ...
Unpacking libx11-6:amd64 (2:1.6.7-1+deb10u1) over (2:1.6.7-1) ...
Selecting previously unselected package linux-image-4.19.0-12-amd64.
Preparing to unpack .../32-linux-image-4.19.0-12-amd64_4.19.152-1_amd64.deb ...
Unpacking linux-image-4.19.0-12-amd64 (4.19.152-1) ...
Preparing to unpack .../33-linux-image-4.19.0-8-amd64_4.19.98-1+deb10u1_amd64.deb ...
Unpacking linux-image-4.19.0-8-amd64 (4.19.98-1+deb10u1) over (4.19.98-1) ...
Preparing to unpack .../34-linux-image-amd64_4.19+105+deb10u7_amd64.deb ...
Unpacking linux-image-amd64 (4.19+105+deb10u7) over (4.19+105+deb10u3) ...
Setting up perl-modules-5.28 (5.28.1-6+deb10u1) ...
Setting up libjson-c3:amd64 (0.12.1+ds-2+deb10u1) ...
Setting up systemd-sysv (241-7~deb10u4) ...
Setting up distro-info-data (0.41+deb10u2) ...
Setting up libssl1.1:amd64 (1.1.1d-0+deb10u3) ...
Setting up libnss-systemd:amd64 (241-7~deb10u4) ...
Setting up libisc1100:amd64 (1:9.11.5.P4+dfsg-5.1+deb10u2) ...
Setting up libfuse2:amd64 (2.9.9-1+deb10u1) ...
Setting up libapt-inst2.0:amd64 (1.8.2.1) ...
Setting up libldap-common (2.4.47+dfsg-3+deb10u2) ...
Setting up libpython3.7-minimal:amd64 (3.7.3-2+deb10u2) ...
Setting up libicu63:amd64 (63.1-6+deb10u1) ...
Setting up tzdata (2020d-0+deb10u1) ...

Current default time zone: 'Europe/Moscow'
Local time is now:      Tue Oct 27 20:39:17 MSK 2020.
Universal Time is now:  Tue Oct 27 17:39:17 UTC 2020.
Run 'dpkg-reconfigure tzdata' if you wish to change it.

Setting up libfreetype6:amd64 (2.9.1-3+deb10u2) ...
Setting up libx11-data (2:1.6.7-1+deb10u1) ...
Setting up libdbus-1-3:amd64 (1.12.20-0+deb10u1) ...
Setting up dbus (1.12.20-0+deb10u1) ...
A reboot is required to replace the running dbus-daemon.
Please reboot the system when convenient.
Setting up liblwres161:amd64 (1:9.11.5.P4+dfsg-5.1+deb10u2) ...
Setting up linux-image-4.19.0-8-amd64 (4.19.98-1+deb10u1) ...
I: /vmlinuz.old is now a symlink to boot/vmlinuz-4.19.0-12-amd64
/etc/kernel/postinst.d/initramfs-tools:
update-initramfs: Generating /boot/initrd.img-4.19.0-8-amd64
/etc/kernel/postinst.d/zz-update-grub:
Generating grub configuration file ...
Found linux image: /boot/vmlinuz-4.19.0-12-amd64
Found linux image: /boot/vmlinuz-4.19.0-8-amd64
Found initrd image: /boot/initrd.img-4.19.0-8-amd64
done
Setting up udev (241-7~deb10u4) ...
update-initramfs: deferring update (trigger activated)
Setting up linux-image-4.19.0-12-amd64 (4.19.152-1) ...
I: /vmlinuz.old is now a symlink to boot/vmlinuz-4.19.0-8-amd64
I: /initrd.img.old is now a symlink to boot/initrd.img-4.19.0-8-amd64
I: /vmlinuz is now a symlink to boot/vmlinuz-4.19.0-12-amd64
I: /initrd.img is now a symlink to boot/initrd.img-4.19.0-12-amd64
/etc/kernel/postinst.d/initramfs-tools:
update-initramfs: Generating /boot/initrd.img-4.19.0-12-amd64
/etc/kernel/postinst.d/zz-update-grub:
Generating grub configuration file ...
Found linux image: /boot/vmlinuz-4.19.0-12-amd64
Found initrd image: /boot/initrd.img-4.19.0-12-amd64
Found linux image: /boot/vmlinuz-4.19.0-8-amd64
Found initrd image: /boot/initrd.img-4.19.0-8-amd64
done
Setting up python3.7-minimal (3.7.3-2+deb10u2) ...
Setting up libperl5.28:amd64 (5.28.1-6+deb10u1) ...
Setting up libisc-export1100:amd64 (1:9.11.5.P4+dfsg-5.1+deb10u2) ...
Setting up libpam-systemd:amd64 (241-7~deb10u4) ...
Setting up libisccc161:amd64 (1:9.11.5.P4+dfsg-5.1+deb10u2) ...
Setting up libx11-6:amd64 (2:1.6.7-1+deb10u1) ...
Setting up openssl (1.1.1d-0+deb10u3) ...
Setting up libdns-export1104 (1:9.11.5.P4+dfsg-5.1+deb10u2) ...
Setting up iputils-ping (3:20180629-2+deb10u1) ...
Setting up libdns1104:amd64 (1:9.11.5.P4+dfsg-5.1+deb10u2) ...
Setting up libpython3.7-stdlib:amd64 (3.7.3-2+deb10u2) ...
Setting up apt-utils (1.8.2.1) ...
Setting up libldap-2.4-2:amd64 (2.4.47+dfsg-3+deb10u2) ...
Setting up linux-image-amd64 (4.19+105+deb10u7) ...
Setting up grub-common (2.02+dfsg1-20+deb10u2) ...
Setting up ca-certificates (20200601~deb10u1) ...
Updating certificates in /etc/ssl/certs...
13 added, 15 removed; done.
Setting up perl (5.28.1-6+deb10u1) ...
Setting up libisccfg163:amd64 (1:9.11.5.P4+dfsg-5.1+deb10u2) ...
Setting up python3.7 (3.7.3-2+deb10u2) ...
Setting up grub2-common (2.02+dfsg1-20+deb10u2) ...
Setting up libbind9-161:amd64 (1:9.11.5.P4+dfsg-5.1+deb10u2) ...
Setting up grub-pc-bin (2.02+dfsg1-20+deb10u2) ...
Setting up grub-pc (2.02+dfsg1-20+deb10u2) ...
Installing for i386-pc platform.
Installation finished. No error reported.
Generating grub configuration file ...
Found linux image: /boot/vmlinuz-4.19.0-12-amd64
Found initrd image: /boot/initrd.img-4.19.0-12-amd64
Found linux image: /boot/vmlinuz-4.19.0-8-amd64
Found initrd image: /boot/initrd.img-4.19.0-8-amd64
done
Setting up bind9-host (1:9.11.5.P4+dfsg-5.1+deb10u2) ...
Processing triggers for libc-bin (2.28-10) ...
Processing triggers for systemd (241-7~deb10u4) ...
Processing triggers for man-db (2.8.5-2) ...
Processing triggers for mime-support (3.62) ...
Processing triggers for initramfs-tools (0.133+deb10u1) ...
update-initramfs: Generating /boot/initrd.img-4.19.0-12-amd64
Processing triggers for ca-certificates (20200601~deb10u1) ...
Updating certificates in /etc/ssl/certs...
0 added, 0 removed; done.
Running hooks in /etc/ca-certificates/update.d...
done.
Log ended: 2020-10-27  20:39:46

Log started: 2020-10-27  21:11:35
Selecting previously unselected package libsodium23:amd64.
(Reading database ... 
(Reading database ... 5%
(Reading database ... 10%
(Reading database ... 15%
(Reading database ... 20%
(Reading database ... 25%
(Reading database ... 30%
(Reading database ... 35%
(Reading database ... 40%
(Reading database ... 45%
(Reading database ... 50%
(Reading database ... 55%
(Reading database ... 60%
(Reading database ... 65%
(Reading database ... 70%
(Reading database ... 75%
(Reading database ... 80%
(Reading database ... 85%
(Reading database ... 90%
(Reading database ... 95%
(Reading database ... 100%
(Reading database ... 32251 files and directories currently installed.)
Preparing to unpack .../0-libsodium23_1.0.17-1_amd64.deb ...
Unpacking libsodium23:amd64 (1.0.17-1) ...
Selecting previously unselected package psmisc.
Preparing to unpack .../1-psmisc_23.2-1_amd64.deb ...
Unpacking psmisc (23.2-1) ...
Selecting previously unselected package php-common.
Preparing to unpack .../2-php-common_2%3a69_all.deb ...
Unpacking php-common (2:69) ...
Selecting previously unselected package php7.3-common.
Preparing to unpack .../3-php7.3-common_7.3.19-1~deb10u1_amd64.deb ...
Unpacking php7.3-common (7.3.19-1~deb10u1) ...
Selecting previously unselected package php7.3-json.
Preparing to unpack .../4-php7.3-json_7.3.19-1~deb10u1_amd64.deb ...
Unpacking php7.3-json (7.3.19-1~deb10u1) ...
Selecting previously unselected package php7.3-opcache.
Preparing to unpack .../5-php7.3-opcache_7.3.19-1~deb10u1_amd64.deb ...
Unpacking php7.3-opcache (7.3.19-1~deb10u1) ...
Selecting previously unselected package php7.3-readline.
Preparing to unpack .../6-php7.3-readline_7.3.19-1~deb10u1_amd64.deb ...
Unpacking php7.3-readline (7.3.19-1~deb10u1) ...
Selecting previously unselected package php7.3-cli.
Preparing to unpack .../7-php7.3-cli_7.3.19-1~deb10u1_amd64.deb ...
Unpacking php7.3-cli (7.3.19-1~deb10u1) ...
Selecting previously unselected package php7.3-fpm.
Preparing to unpack .../8-php7.3-fpm_7.3.19-1~deb10u1_amd64.deb ...
Unpacking php7.3-fpm (7.3.19-1~deb10u1) ...
Selecting previously unselected package php-fpm.
Preparing to unpack .../9-php-fpm_2%3a7.3+69_all.deb ...
Unpacking php-fpm (2:7.3+69) ...
Setting up libsodium23:amd64 (1.0.17-1) ...
Setting up psmisc (23.2-1) ...
Setting up php-common (2:69) ...
Created symlink /etc/systemd/system/timers.target.wants/phpsessionclean.timer → /lib/systemd/system/phpsessionclean.timer.
Setting up php7.3-common (7.3.19-1~deb10u1) ...

Creating config file /etc/php/7.3/mods-available/calendar.ini with new version

Creating config file /etc/php/7.3/mods-available/ctype.ini with new version

Creating config file /etc/php/7.3/mods-available/exif.ini with new version

Creating config file /etc/php/7.3/mods-available/fileinfo.ini with new version

Creating config file /etc/php/7.3/mods-available/ftp.ini with new version

Creating config file /etc/php/7.3/mods-available/gettext.ini with new version

Creating config file /etc/php/7.3/mods-available/iconv.ini with new version

Creating config file /etc/php/7.3/mods-available/pdo.ini with new version

Creating config file /etc/php/7.3/mods-available/phar.ini with new version

Creating config file /etc/php/7.3/mods-available/posix.ini with new version

Creating config file /etc/php/7.3/mods-available/shmop.ini with new version

Creating config file /etc/php/7.3/mods-available/sockets.ini with new version

Creating config file /etc/php/7.3/mods-available/sysvmsg.ini with new version

Creating config file /etc/php/7.3/mods-available/sysvsem.ini with new version

Creating config file /etc/php/7.3/mods-available/sysvshm.ini with new version

Creating config file /etc/php/7.3/mods-available/tokenizer.ini with new version
Setting up php7.3-opcache (7.3.19-1~deb10u1) ...

Creating config file /etc/php/7.3/mods-available/opcache.ini with new version
Setting up php7.3-json (7.3.19-1~deb10u1) ...

Creating config file /etc/php/7.3/mods-available/json.ini with new version
Setting up php7.3-readline (7.3.19-1~deb10u1) ...

Creating config file /etc/php/7.3/mods-available/readline.ini with new version
Setting up php7.3-cli (7.3.19-1~deb10u1) ...
update-alternatives: using /usr/bin/php7.3 to provide /usr/bin/php (php) in auto mode
update-alternatives: using /usr/bin/phar7.3 to provide /usr/bin/phar (phar) in auto mode
update-alternatives: using /usr/bin/phar.phar7.3 to provide /usr/bin/phar.phar (phar.phar) in auto mode

Creating config file /etc/php/7.3/cli/php.ini with new version
Setting up php7.3-fpm (7.3.19-1~deb10u1) ...

Creating config file /etc/php/7.3/fpm/php.ini with new version
Created symlink /etc/systemd/system/multi-user.target.wants/php7.3-fpm.service → /lib/systemd/system/php7.3-fpm.service.
Setting up php-fpm (2:7.3+69) ...
Processing triggers for systemd (241-7~deb10u4) ...
Processing triggers for man-db (2.8.5-2) ...
Processing triggers for libc-bin (2.28-10) ...
Log ended: 2020-10-27  21:11:40

Log started: 2020-10-27  21:52:26
Selecting previously unselected package libmpfr6:amd64.
(Reading database ... 
(Reading database ... 5%
(Reading database ... 10%
(Reading database ... 15%
(Reading database ... 20%
(Reading database ... 25%
(Reading database ... 30%
(Reading database ... 35%
(Reading database ... 40%
(Reading database ... 45%
(Reading database ... 50%
(Reading database ... 55%
(Reading database ... 60%
(Reading database ... 65%
(Reading database ... 70%
(Reading database ... 75%
(Reading database ... 80%
(Reading database ... 85%
(Reading database ... 90%
(Reading database ... 95%
(Reading database ... 100%
(Reading database ... 32461 files and directories currently installed.)
Preparing to unpack .../libmpfr6_4.0.2-1_amd64.deb ...
Unpacking libmpfr6:amd64 (4.0.2-1) ...
Selecting previously unselected package libsigsegv2:amd64.
Preparing to unpack .../libsigsegv2_2.12-2_amd64.deb ...
Unpacking libsigsegv2:amd64 (2.12-2) ...
Setting up libmpfr6:amd64 (4.0.2-1) ...
Setting up libsigsegv2:amd64 (2.12-2) ...
Selecting previously unselected package gawk.
(Reading database ... 
(Reading database ... 5%
(Reading database ... 10%
(Reading database ... 15%
(Reading database ... 20%
(Reading database ... 25%
(Reading database ... 30%
(Reading database ... 35%
(Reading database ... 40%
(Reading database ... 45%
(Reading database ... 50%
(Reading database ... 55%
(Reading database ... 60%
(Reading database ... 65%
(Reading database ... 70%
(Reading database ... 75%
(Reading database ... 80%
(Reading database ... 85%
(Reading database ... 90%
(Reading database ... 95%
(Reading database ... 100%
(Reading database ... 32481 files and directories currently installed.)
Preparing to unpack .../0-gawk_1%3a4.2.1+dfsg-1_amd64.deb ...
Unpacking gawk (1:4.2.1+dfsg-1) ...
Selecting previously unselected package python-newt:amd64.
Preparing to unpack .../1-python-newt_0.52.20-8_amd64.deb ...
Unpacking python-newt:amd64 (0.52.20-8) ...
Selecting previously unselected package libevent-2.1-6:amd64.
Preparing to unpack .../2-libevent-2.1-6_2.1.8-stable-4_amd64.deb ...
Unpacking libevent-2.1-6:amd64 (2.1.8-stable-4) ...
Selecting previously unselected package libutempter0:amd64.
Preparing to unpack .../3-libutempter0_1.1.6-3_amd64.deb ...
Unpacking libutempter0:amd64 (1.1.6-3) ...
Selecting previously unselected package tmux.
Preparing to unpack .../4-tmux_2.8-3_amd64.deb ...
Unpacking tmux (2.8-3) ...
Selecting previously unselected package screen.
Preparing to unpack .../5-screen_4.6.2-3_amd64.deb ...
Unpacking screen (4.6.2-3) ...
Selecting previously unselected package byobu.
Preparing to unpack .../6-byobu_5.112-1.1_all.deb ...
Unpacking byobu (5.112-1.1) ...
Selecting previously unselected package pastebinit.
Preparing to unpack .../7-pastebinit_1.5-2_all.deb ...
Unpacking pastebinit (1.5-2) ...
Setting up python-newt:amd64 (0.52.20-8) ...
Setting up gawk (1:4.2.1+dfsg-1) ...
Setting up pastebinit (1.5-2) ...
Setting up libevent-2.1-6:amd64 (2.1.8-stable-4) ...
Setting up libutempter0:amd64 (1.1.6-3) ...
Setting up tmux (2.8-3) ...
Setting up byobu (5.112-1.1) ...
Setting up screen (4.6.2-3) ...
Processing triggers for man-db (2.8.5-2) ...
Processing triggers for libc-bin (2.28-10) ...
Processing triggers for systemd (241-7~deb10u4) ...
Log ended: 2020-10-27  21:52:27
